#
# There is insufficient memory for the Java Runtime Environment to continue.
# Native memory allocation (mmap) failed to map 66060288 bytes for committing reserved memory.
# Possible reasons:
#   The system is out of physical RAM or swap space
#   In 32 bit mode, the process size limit was hit
# Possible solutions:
#   Reduce memory load on the system
#   Increase physical memory or swap space
#   Check if swap backing store is full
#   Use 64 bit Java on a 64 bit OS
#   Decrease Java heap size (-Xmx/-Xms)
#   Decrease number of Java threads
#   Decrease Java thread stack sizes (-Xss)
#   Set larger code cache with -XX:ReservedCodeCacheSize=
# This output file may be truncated or incomplete.
#
#  Out of Memory Error (os_linux.cpp:2643), pid=7436, tid=0x00007f7d43dfd700
#
# JRE version: OpenJDK Runtime Environment (8.0_131-b11) (build 1.8.0_131-8u131-b11-2ubuntu1.17.04.3-b11)
# Java VM: OpenJDK 64-Bit Server VM (25.131-b11 mixed mode linux-amd64 compressed oops)
# Failed to write core dump. Core dumps have been disabled. To enable core dumping, try "ulimit -c unlimited" before starting Java again
#

---------------  T H R E A D  ---------------

Current thread (0x00007f7d58073800):  VMThread [stack: 0x00007f7d43cfd000,0x00007f7d43dfe000] [id=7465]

Stack: [0x00007f7d43cfd000,0x00007f7d43dfe000],  sp=0x00007f7d43dfc4d0,  free space=1021k
Native frames: (J=compiled Java code, j=interpreted, Vv=VM code, C=native code)
V  [libjvm.so+0xa6fa00]  VMError::report_and_die()+0x160
V  [libjvm.so+0x4c7bdc]  report_vm_out_of_memory(char const*, int, unsigned long, VMErrorType, char const*)+0xac
V  [libjvm.so+0x8be7a0]  os::pd_commit_memory(char*, unsigned long, unsigned long, bool)+0xf0
V  [libjvm.so+0x8b8e2e]  os::commit_memory(char*, unsigned long, unsigned long, bool)+0x2e
V  [libjvm.so+0x93395e]  PSVirtualSpace::expand_by(unsigned long)+0x4e
V  [libjvm.so+0x934ce3]  PSYoungGen::resize(unsigned long, unsigned long)+0x103
V  [libjvm.so+0x931333]  PSScavenge::invoke_no_policy()+0x1503
V  [libjvm.so+0x9315dc]  PSScavenge::invoke()+0x4c
V  [libjvm.so+0x8e2f53]  ParallelScavengeHeap::failed_mem_allocate(unsigned long)+0x63
V  [libjvm.so+0xa71672]  VM_ParallelGCFailedAllocation::doit()+0x92
V  [libjvm.so+0xa767e7]  VM_Operation::evaluate()+0x47
V  [libjvm.so+0xa73f77]  VMThread::evaluate_operation(VM_Operation*) [clone .constprop.30]+0xe7
V  [libjvm.so+0xa753f6]  VMThread::loop()+0x246
V  [libjvm.so+0xa758f1]  VMThread::run()+0x81
V  [libjvm.so+0x8bbd32]  java_start(Thread*)+0xf2

VM_Operation (0x00007f7d622b5170): ParallelGCFailedAllocation, mode: safepoint, requested by thread 0x00007f7d5800a000


---------------  P R O C E S S  ---------------

Java Threads: ( => current thread )
  0x00007f7d580b0000 JavaThread "Service Thread" daemon [_thread_blocked, id=7471, stack(0x00007f7d4341b000,0x00007f7d4351c000)]
  0x00007f7d580ad000 JavaThread "C1 CompilerThread1" daemon [_thread_blocked, id=7470, stack(0x00007f7d4351c000,0x00007f7d4361d000)]
  0x00007f7d580aa800 JavaThread "C2 CompilerThread0" daemon [_thread_in_native, id=7469, stack(0x00007f7d4361d000,0x00007f7d4371e000)]
  0x00007f7d580a8000 JavaThread "Signal Dispatcher" daemon [_thread_blocked, id=7468, stack(0x00007f7d4371e000,0x00007f7d4381f000)]
  0x00007f7d5807f800 JavaThread "Finalizer" daemon [_thread_blocked, id=7467, stack(0x00007f7d43afb000,0x00007f7d43bfc000)]
  0x00007f7d5807b000 JavaThread "Reference Handler" daemon [_thread_blocked, id=7466, stack(0x00007f7d43bfc000,0x00007f7d43cfd000)]
  0x00007f7d5800a000 JavaThread "main" [_thread_blocked, id=7462, stack(0x00007f7d621b8000,0x00007f7d622b9000)]

Other Threads:
=>0x00007f7d58073800 VMThread [stack: 0x00007f7d43cfd000,0x00007f7d43dfe000] [id=7465]
  0x00007f7d580b7000 WatcherThread [stack: 0x00007f7d4331a000,0x00007f7d4341b000] [id=7472]

VM state:at safepoint (normal execution)

VM Mutex/Monitor currently owned by a thread:  ([mutex/lock_event])
[0x00007f7d58006480] Threads_lock - owner thread: 0x00007f7d58073800
[0x00007f7d58006980] Heap_lock - owner thread: 0x00007f7d5800a000

Heap:
 PSYoungGen      total 69632K, used 7144K [0x00000000eb700000, 0x00000000f0300000, 0x0000000100000000)
  eden space 62464K, 0% used [0x00000000eb700000,0x00000000eb700000,0x00000000ef400000)
  from space 7168K, 99% used [0x00000000ef400000,0x00000000efafa080,0x00000000efb00000)
  to   space 6144K, 0% used [0x00000000efb00000,0x00000000efb00000,0x00000000f0100000)
 ParOldGen       total 42496K, used 8203K [0x00000000c2400000, 0x00000000c4d80000, 0x00000000eb700000)
  object space 42496K, 19% used [0x00000000c2400000,0x00000000c2c02d48,0x00000000c4d80000)
 Metaspace       used 17519K, capacity 18010K, committed 18304K, reserved 1064960K
  class space    used 2038K, capacity 2165K, committed 2176K, reserved 1048576K

Card table byte_map: [0x00007f7d5e66d000,0x00007f7d5e85c000] byte_map_base: 0x00007f7d5e05b000

Marking Bits: (ParMarkBitMap*) 0x00007f7d6147e2c0
 Begin Bits: [0x00007f7d5c441000, 0x00007f7d5d3b1000)
 End Bits:   [0x00007f7d5d3b1000, 0x00007f7d5e321000)

Polling page: 0x00007f7d622d0000

CodeCache: size=245760Kb used=9883Kb max_used=9883Kb free=235877Kb
 bounds [0x00007f7d49000000, 0x00007f7d499b0000, 0x00007f7d58000000]
 total_blobs=3326 nmethods=2982 adapters=258
 compilation: enabled

Compilation events (10 events):
Event: 4,801 Thread 0x00007f7d580ad000 2988       1       org.eclipse.aether.repository.RemoteRepository::getProtocol (5 bytes)
Event: 4,801 Thread 0x00007f7d580ad000 nmethod 2988 0x00007f7d499ad650 code [0x00007f7d499ad7a0, 0x00007f7d499ad8b0]
Event: 4,801 Thread 0x00007f7d580ad000 2989       2       org.eclipse.aether.resolution.ArtifactDescriptorRequest::setArtifact (7 bytes)
Event: 4,801 Thread 0x00007f7d580ad000 nmethod 2989 0x00007f7d499ad910 code [0x00007f7d499ada60, 0x00007f7d499adbd0]
Event: 4,801 Thread 0x00007f7d580ad000 2990       2       org.eclipse.aether.resolution.ArtifactDescriptorRequest::setRepositories (21 bytes)
Event: 4,801 Thread 0x00007f7d580ad000 nmethod 2990 0x00007f7d499adc50 code [0x00007f7d499adda0, 0x00007f7d499adf30]
Event: 4,801 Thread 0x00007f7d580ad000 2991       2       org.eclipse.aether.resolution.ArtifactDescriptorRequest::setRequestContext (16 bytes)
Event: 4,801 Thread 0x00007f7d580ad000 nmethod 2991 0x00007f7d499adfd0 code [0x00007f7d499ae120, 0x00007f7d499ae290]
Event: 4,801 Thread 0x00007f7d580ad000 2992       2       org.eclipse.aether.resolution.ArtifactDescriptorRequest::setTrace (7 bytes)
Event: 4,802 Thread 0x00007f7d580ad000 nmethod 2992 0x00007f7d499ae310 code [0x00007f7d499ae460, 0x00007f7d499ae5d0]

GC Heap History (10 events):
Event: 1,081 GC heap after
Heap after GC invocations=2 (full 0):
 PSYoungGen      total 18432K, used 2533K [0x00000000eb700000, 0x00000000edb00000, 0x0000000100000000)
  eden space 15872K, 0% used [0x00000000eb700000,0x00000000eb700000,0x00000000ec680000)
  from space 2560K, 98% used [0x00000000ec900000,0x00000000ecb794e8,0x00000000ecb80000)
  to   space 2560K, 0% used [0x00000000ec680000,0x00000000ec680000,0x00000000ec900000)
 ParOldGen       total 42496K, used 716K [0x00000000c2400000, 0x00000000c4d80000, 0x00000000eb700000)
  object space 42496K, 1% used [0x00000000c2400000,0x00000000c24b3038,0x00000000c4d80000)
 Metaspace       used 7762K, capacity 7900K, committed 7936K, reserved 1056768K
  class space    used 952K, capacity 1016K, committed 1024K, reserved 1048576K
}
Event: 1,382 GC heap before
{Heap before GC invocations=3 (full 0):
 PSYoungGen      total 18432K, used 18405K [0x00000000eb700000, 0x00000000edb00000, 0x0000000100000000)
  eden space 15872K, 100% used [0x00000000eb700000,0x00000000ec680000,0x00000000ec680000)
  from space 2560K, 98% used [0x00000000ec900000,0x00000000ecb794e8,0x00000000ecb80000)
  to   space 2560K, 0% used [0x00000000ec680000,0x00000000ec680000,0x00000000ec900000)
 ParOldGen       total 42496K, used 716K [0x00000000c2400000, 0x00000000c4d80000, 0x00000000eb700000)
  object space 42496K, 1% used [0x00000000c2400000,0x00000000c24b3038,0x00000000c4d80000)
 Metaspace       used 9576K, capacity 9780K, committed 9984K, reserved 1058816K
  class space    used 1151K, capacity 1213K, committed 1280K, reserved 1048576K
Event: 1,389 GC heap after
Heap after GC invocations=3 (full 0):
 PSYoungGen      total 18432K, used 2554K [0x00000000eb700000, 0x00000000edb00000, 0x0000000100000000)
  eden space 15872K, 0% used [0x00000000eb700000,0x00000000eb700000,0x00000000ec680000)
  from space 2560K, 99% used [0x00000000ec680000,0x00000000ec8feb48,0x00000000ec900000)
  to   space 2560K, 0% used [0x00000000ed880000,0x00000000ed880000,0x00000000edb00000)
 ParOldGen       total 42496K, used 2286K [0x00000000c2400000, 0x00000000c4d80000, 0x00000000eb700000)
  object space 42496K, 5% used [0x00000000c2400000,0x00000000c263b980,0x00000000c4d80000)
 Metaspace       used 9576K, capacity 9780K, committed 9984K, reserved 1058816K
  class space    used 1151K, capacity 1213K, committed 1280K, reserved 1048576K
}
Event: 1,735 GC heap before
{Heap before GC invocations=4 (full 0):
 PSYoungGen      total 18432K, used 18426K [0x00000000eb700000, 0x00000000edb00000, 0x0000000100000000)
  eden space 15872K, 100% used [0x00000000eb700000,0x00000000ec680000,0x00000000ec680000)
  from space 2560K, 99% used [0x00000000ec680000,0x00000000ec8feb48,0x00000000ec900000)
  to   space 2560K, 0% used [0x00000000ed880000,0x00000000ed880000,0x00000000edb00000)
 ParOldGen       total 42496K, used 2286K [0x00000000c2400000, 0x00000000c4d80000, 0x00000000eb700000)
  object space 42496K, 5% used [0x00000000c2400000,0x00000000c263b980,0x00000000c4d80000)
 Metaspace       used 11452K, capacity 11624K, committed 11776K, reserved 1058816K
  class space    used 1412K, capacity 1508K, committed 1536K, reserved 1048576K
Event: 1,743 GC heap after
Heap after GC invocations=4 (full 0):
 PSYoungGen      total 34304K, used 2560K [0x00000000eb700000, 0x00000000edb00000, 0x0000000100000000)
  eden space 31744K, 0% used [0x00000000eb700000,0x00000000eb700000,0x00000000ed600000)
  from space 2560K, 100% used [0x00000000ed880000,0x00000000edb00000,0x00000000edb00000)
  to   space 2560K, 0% used [0x00000000ed600000,0x00000000ed600000,0x00000000ed880000)
 ParOldGen       total 42496K, used 4461K [0x00000000c2400000, 0x00000000c4d80000, 0x00000000eb700000)
  object space 42496K, 10% used [0x00000000c2400000,0x00000000c285b5f0,0x00000000c4d80000)
 Metaspace       used 11452K, capacity 11624K, committed 11776K, reserved 1058816K
  class space    used 1412K, capacity 1508K, committed 1536K, reserved 1048576K
}
Event: 2,786 GC heap before
{Heap before GC invocations=5 (full 0):
 PSYoungGen      total 34304K, used 34304K [0x00000000eb700000, 0x00000000edb00000, 0x0000000100000000)
  eden space 31744K, 100% used [0x00000000eb700000,0x00000000ed600000,0x00000000ed600000)
  from space 2560K, 100% used [0x00000000ed880000,0x00000000edb00000,0x00000000edb00000)
  to   space 2560K, 0% used [0x00000000ed600000,0x00000000ed600000,0x00000000ed880000)
 ParOldGen       total 42496K, used 4461K [0x00000000c2400000, 0x00000000c4d80000, 0x00000000eb700000)
  object space 42496K, 10% used [0x00000000c2400000,0x00000000c285b5f0,0x00000000c4d80000)
 Metaspace       used 14295K, capacity 14474K, committed 14720K, reserved 1062912K
  class space    used 1741K, capacity 1808K, committed 1920K, reserved 1048576K
Event: 2,797 GC heap after
Heap after GC invocations=5 (full 0):
 PSYoungGen      total 34304K, used 2528K [0x00000000eb700000, 0x00000000f0100000, 0x0000000100000000)
  eden space 31744K, 0% used [0x00000000eb700000,0x00000000eb700000,0x00000000ed600000)
  from space 2560K, 98% used [0x00000000ed600000,0x00000000ed878020,0x00000000ed880000)
  to   space 6144K, 0% used [0x00000000efb00000,0x00000000efb00000,0x00000000f0100000)
 ParOldGen       total 42496K, used 7058K [0x00000000c2400000, 0x00000000c4d80000, 0x00000000eb700000)
  object space 42496K, 16% used [0x00000000c2400000,0x00000000c2ae4a40,0x00000000c4d80000)
 Metaspace       used 14295K, capacity 14474K, committed 14720K, reserved 1062912K
  class space    used 1741K, capacity 1808K, committed 1920K, reserved 1048576K
}
Event: 3,559 GC heap before
{Heap before GC invocations=6 (full 0):
 PSYoungGen      total 34304K, used 34272K [0x00000000eb700000, 0x00000000f0100000, 0x0000000100000000)
  eden space 31744K, 100% used [0x00000000eb700000,0x00000000ed600000,0x00000000ed600000)
  from space 2560K, 98% used [0x00000000ed600000,0x00000000ed878020,0x00000000ed880000)
  to   space 6144K, 0% used [0x00000000efb00000,0x00000000efb00000,0x00000000f0100000)
 ParOldGen       total 42496K, used 7058K [0x00000000c2400000, 0x00000000c4d80000, 0x00000000eb700000)
  object space 42496K, 16% used [0x00000000c2400000,0x00000000c2ae4a40,0x00000000c4d80000)
 Metaspace       used 16458K, capacity 16792K, committed 17024K, reserved 1064960K
  class space    used 1963K, capacity 2082K, committed 2176K, reserved 1048576K
Event: 3,575 GC heap after
Heap after GC invocations=6 (full 0):
 PSYoungGen      total 68608K, used 6131K [0x00000000eb700000, 0x00000000f0300000, 0x0000000100000000)
  eden space 62464K, 0% used [0x00000000eb700000,0x00000000eb700000,0x00000000ef400000)
  from space 6144K, 99% used [0x00000000efb00000,0x00000000f00fcdf8,0x00000000f0100000)
  to   space 7168K, 0% used [0x00000000ef400000,0x00000000ef400000,0x00000000efb00000)
 ParOldGen       total 42496K, used 7263K [0x00000000c2400000, 0x00000000c4d80000, 0x00000000eb700000)
  object space 42496K, 17% used [0x00000000c2400000,0x00000000c2b17ec8,0x00000000c4d80000)
 Metaspace       used 16458K, capacity 16792K, committed 17024K, reserved 1064960K
  class space    used 1963K, capacity 2082K, committed 2176K, reserved 1048576K
}
Event: 4,812 GC heap before
{Heap before GC invocations=7 (full 0):
 PSYoungGen      total 68608K, used 68595K [0x00000000eb700000, 0x00000000f0300000, 0x0000000100000000)
  eden space 62464K, 100% used [0x00000000eb700000,0x00000000ef400000,0x00000000ef400000)
  from space 6144K, 99% used [0x00000000efb00000,0x00000000f00fcdf8,0x00000000f0100000)
  to   space 7168K, 0% used [0x00000000ef400000,0x00000000ef400000,0x00000000efb00000)
 ParOldGen       total 42496K, used 7263K [0x00000000c2400000, 0x00000000c4d80000, 0x00000000eb700000)
  object space 42496K, 17% used [0x00000000c2400000,0x00000000c2b17ec8,0x00000000c4d80000)
 Metaspace       used 17519K, capacity 18010K, committed 18304K, reserved 1064960K
  class space    used 2038K, capacity 2165K, committed 2176K, reserved 1048576K

Deoptimization events (10 events):
Event: 3,822 Thread 0x00007f7d5800a000 Uncommon trap: reason=unstable_if action=reinterpret pc=0x00007f7d4967a264 method=org.codehaus.plexus.util.xml.pull.MXParser.nextImpl()I @ 280
Event: 3,972 Thread 0x00007f7d5800a000 Uncommon trap: reason=unstable_if action=reinterpret pc=0x00007f7d4939bce0 method=java.util.HashMap.getNode(ILjava/lang/Object;)Ljava/util/HashMap$Node; @ 53
Event: 4,248 Thread 0x00007f7d5800a000 Uncommon trap: reason=unstable_if action=reinterpret pc=0x00007f7d498a0328 method=org.eclipse.sisu.plexus.RealmFilteredBeans$FilteredItr.hasNext()Z @ 57
Event: 4,301 Thread 0x00007f7d5800a000 Uncommon trap: reason=bimorphic action=maybe_recompile pc=0x00007f7d49710260 method=java.util.regex.Pattern$CharProperty.match(Ljava/util/regex/Matcher;ILjava/lang/CharSequence;)Z @ 37
Event: 4,613 Thread 0x00007f7d5800a000 Uncommon trap: reason=speculate_class_check action=maybe_recompile pc=0x00007f7d498ad6dc method=java.nio.charset.CharsetDecoder.decode(Ljava/nio/ByteBuffer;Ljava/nio/CharBuffer;Z)Ljava/nio/charset/CoderResult; @ 57
Event: 4,614 Thread 0x00007f7d5800a000 Uncommon trap: reason=speculate_class_check action=maybe_recompile pc=0x00007f7d498ad6dc method=java.nio.charset.CharsetDecoder.decode(Ljava/nio/ByteBuffer;Ljava/nio/CharBuffer;Z)Ljava/nio/charset/CoderResult; @ 57
Event: 4,614 Thread 0x00007f7d5800a000 Uncommon trap: reason=speculate_class_check action=maybe_recompile pc=0x00007f7d498ad6dc method=java.nio.charset.CharsetDecoder.decode(Ljava/nio/ByteBuffer;Ljava/nio/CharBuffer;Z)Ljava/nio/charset/CoderResult; @ 57
Event: 4,615 Thread 0x00007f7d5800a000 Uncommon trap: reason=speculate_class_check action=maybe_recompile pc=0x00007f7d498ad6dc method=java.nio.charset.CharsetDecoder.decode(Ljava/nio/ByteBuffer;Ljava/nio/CharBuffer;Z)Ljava/nio/charset/CoderResult; @ 57
Event: 4,693 Thread 0x00007f7d5800a000 Uncommon trap: reason=bimorphic action=maybe_recompile pc=0x00007f7d49705b10 method=java.util.concurrent.ConcurrentHashMap.get(Ljava/lang/Object;)Ljava/lang/Object; @ 149
Event: 4,705 Thread 0x00007f7d5800a000 Uncommon trap: reason=bimorphic action=maybe_recompile pc=0x00007f7d49705b10 method=java.util.concurrent.ConcurrentHashMap.get(Ljava/lang/Object;)Ljava/lang/Object; @ 149

Internal exceptions (10 events):
Event: 2,842 Thread 0x00007f7d5800a000 Exception <a 'java/lang/NullPointerException'> (0x00000000eb95e608) thrown at [/build/openjdk-8-ugc2Ph/openjdk-8-8u131-b11/src/hotspot/src/share/vm/interpreter/linkResolver.cpp, line 1197]
Event: 2,842 Thread 0x00007f7d5800a000 Exception <a 'java/lang/NullPointerException'> (0x00000000eb95e820) thrown at [/build/openjdk-8-ugc2Ph/openjdk-8-8u131-b11/src/hotspot/src/share/vm/interpreter/linkResolver.cpp, line 1197]
Event: 2,843 Thread 0x00007f7d5800a000 Exception <a 'java/lang/NullPointerException'> (0x00000000eb965408) thrown at [/build/openjdk-8-ugc2Ph/openjdk-8-8u131-b11/src/hotspot/src/share/vm/interpreter/linkResolver.cpp, line 1197]
Event: 2,843 Thread 0x00007f7d5800a000 Exception <a 'java/lang/NullPointerException'> (0x00000000eb965620) thrown at [/build/openjdk-8-ugc2Ph/openjdk-8-8u131-b11/src/hotspot/src/share/vm/interpreter/linkResolver.cpp, line 1197]
Event: 2,843 Thread 0x00007f7d5800a000 Exception <a 'java/lang/NullPointerException'> (0x00000000eb965838) thrown at [/build/openjdk-8-ugc2Ph/openjdk-8-8u131-b11/src/hotspot/src/share/vm/interpreter/linkResolver.cpp, line 1197]
Event: 3,246 Thread 0x00007f7d5800a000 Implicit null exception at 0x00007f7d492c8d35 to 0x00007f7d492c8f3d
Event: 3,246 Thread 0x00007f7d5800a000 Implicit null exception at 0x00007f7d492a93ef to 0x00007f7d492a9459
Event: 3,326 Thread 0x00007f7d5800a000 Implicit null exception at 0x00007f7d496db139 to 0x00007f7d496dbb01
Event: 3,349 Thread 0x00007f7d5800a000 Implicit null exception at 0x00007f7d495fd9d7 to 0x00007f7d495fdf81
Event: 3,349 Thread 0x00007f7d5800a000 Implicit null exception at 0x00007f7d493057fb to 0x00007f7d49305de9

Events (10 events):
Event: 4,615 Thread 0x00007f7d5800a000 Uncommon trap: trap_request=0xffffff76 fr.pc=0x00007f7d498ad6dc
Event: 4,615 Thread 0x00007f7d5800a000 DEOPT PACKING pc=0x00007f7d498ad6dc sp=0x00007f7d622b4a20
Event: 4,615 Thread 0x00007f7d5800a000 DEOPT UNPACKING pc=0x00007f7d49004f69 sp=0x00007f7d622b4940 mode 2
Event: 4,693 Thread 0x00007f7d5800a000 Uncommon trap: trap_request=0xffffffc6 fr.pc=0x00007f7d49705b10
Event: 4,693 Thread 0x00007f7d5800a000 DEOPT PACKING pc=0x00007f7d49705b10 sp=0x00007f7d622b4af0
Event: 4,693 Thread 0x00007f7d5800a000 DEOPT UNPACKING pc=0x00007f7d49004f69 sp=0x00007f7d622b4a78 mode 2
Event: 4,705 Thread 0x00007f7d5800a000 Uncommon trap: trap_request=0xffffffc6 fr.pc=0x00007f7d49705b10
Event: 4,705 Thread 0x00007f7d5800a000 DEOPT PACKING pc=0x00007f7d49705b10 sp=0x00007f7d622b4f70
Event: 4,705 Thread 0x00007f7d5800a000 DEOPT UNPACKING pc=0x00007f7d49004f69 sp=0x00007f7d622b4ef8 mode 2
Event: 4,810 Executing VM operation: ParallelGCFailedAllocation


Dynamic libraries:
c2400000-c4d80000 rw-p 00000000 00:00 0 
c4d80000-eb700000 ---p 00000000 00:00 0 
eb700000-f0300000 rw-p 00000000 00:00 0 
f4200000-100000000 ---p 00000000 00:00 0 
100000000-100220000 rw-p 00000000 00:00 0 
100220000-140000000 ---p 00000000 00:00 0 
55f77fd80000-55f77fd81000 r-xp 00000000 08:01 662676                     /usr/lib/jvm/java-8-openjdk-amd64/jre/bin/java
55f77ff80000-55f77ff81000 r--p 00000000 08:01 662676                     /usr/lib/jvm/java-8-openjdk-amd64/jre/bin/java
55f77ff81000-55f77ff82000 rw-p 00001000 08:01 662676                     /usr/lib/jvm/java-8-openjdk-amd64/jre/bin/java
55f781ef4000-55f781f15000 rw-p 00000000 00:00 0                          [heap]
7f7d18000000-7f7d18021000 rw-p 00000000 00:00 0 
7f7d18021000-7f7d1c000000 ---p 00000000 00:00 0 
7f7d1cfff000-7f7d20000000 rw-p 00000000 00:00 0 
7f7d20000000-7f7d20b84000 rw-p 00000000 00:00 0 
7f7d20b84000-7f7d24000000 ---p 00000000 00:00 0 
7f7d24000000-7f7d24021000 rw-p 00000000 00:00 0 
7f7d24021000-7f7d28000000 ---p 00000000 00:00 0 
7f7d28000000-7f7d28021000 rw-p 00000000 00:00 0 
7f7d28021000-7f7d2c000000 ---p 00000000 00:00 0 
7f7d2c000000-7f7d2d45d000 rw-p 00000000 00:00 0 
7f7d2d45d000-7f7d30000000 ---p 00000000 00:00 0 
7f7d30000000-7f7d30021000 rw-p 00000000 00:00 0 
7f7d30021000-7f7d34000000 ---p 00000000 00:00 0 
7f7d34000000-7f7d34021000 rw-p 00000000 00:00 0 
7f7d34021000-7f7d38000000 ---p 00000000 00:00 0 
7f7d38000000-7f7d38277000 rw-p 00000000 00:00 0 
7f7d38277000-7f7d3c000000 ---p 00000000 00:00 0 
7f7d3c000000-7f7d3c021000 rw-p 00000000 00:00 0 
7f7d3c021000-7f7d40000000 ---p 00000000 00:00 0 
7f7d42412000-7f7d4263c000 rw-p 00000000 00:00 0 
7f7d4263c000-7f7d4263e000 r--s 0000d000 08:01 935399                     /home/novabase/.m2/repository/org/codehaus/plexus/plexus-interpolation/1.13/plexus-interpolation-1.13.jar
7f7d4263e000-7f7d4263f000 r--s 00001000 08:01 156501                     /home/novabase/.m2/repository/org/sonatype/plexus/plexus-build-api/0.0.4/plexus-build-api-0.0.4.jar
7f7d4263f000-7f7d42641000 r--s 00009000 08:01 156499                     /home/novabase/.m2/repository/org/apache/maven/shared/maven-filtering/1.1/maven-filtering-1.1.jar
7f7d42641000-7f7d42645000 r--s 00033000 08:01 1065656                    /home/novabase/.m2/repository/org/codehaus/plexus/plexus-utils/2.0.5/plexus-utils-2.0.5.jar
7f7d42645000-7f7d42648000 r--s 0001b000 08:01 155251                     /home/novabase/.m2/repository/junit/junit/3.8.1/junit-3.8.1.jar
7f7d42648000-7f7d4264a000 r--s 00002000 08:01 935339                     /home/novabase/.m2/repository/org/codehaus/plexus/plexus-interactivity-api/1.0-alpha-4/plexus-interactivity-api-1.0-alpha-4.jar
7f7d4264a000-7f7d4264c000 r--s 00006000 08:01 155260                     /home/novabase/.m2/repository/commons-cli/commons-cli/1.0/commons-cli-1.0.jar
7f7d4264c000-7f7d4264d000 r--s 00001000 08:01 421236                     /home/novabase/.m2/repository/org/apache/maven/doxia/doxia-sink-api/1.0-alpha-7/doxia-sink-api-1.0-alpha-7.jar
7f7d4264d000-7f7d4264e000 r--s 00002000 08:01 796662                     /home/novabase/.m2/repository/org/apache/maven/reporting/maven-reporting-api/2.0.6/maven-reporting-api-2.0.6.jar
7f7d4264e000-7f7d42650000 r--s 00006000 08:01 156481                     /home/novabase/.m2/repository/org/apache/maven/plugins/maven-resources-plugin/2.6/maven-resources-plugin-2.6.jar
7f7d42650000-7f7d42654000 r--s 00034000 08:01 1065575                    /home/novabase/.m2/repository/org/codehaus/plexus/plexus-utils/3.0/plexus-utils-3.0.jar
7f7d42654000-7f7d42656000 r--s 00005000 08:01 156471                     /home/novabase/.m2/repository/org/apache/maven/plugins/maven-clean-plugin/2.5/maven-clean-plugin-2.5.jar
7f7d42656000-7f7d42816000 rw-p 00000000 00:00 0 
7f7d42816000-7f7d42856000 ---p 00000000 00:00 0 
7f7d42856000-7f7d42867000 r-xp 00000000 08:01 790191                     /usr/lib/jvm/java-8-openjdk-amd64/jre/lib/amd64/libnio.so
7f7d42867000-7f7d42a67000 ---p 00011000 08:01 790191                     /usr/lib/jvm/java-8-openjdk-amd64/jre/lib/amd64/libnio.so
7f7d42a67000-7f7d42a68000 r--p 00011000 08:01 790191                     /usr/lib/jvm/java-8-openjdk-amd64/jre/lib/amd64/libnio.so
7f7d42a68000-7f7d42a69000 rw-p 00012000 08:01 790191                     /usr/lib/jvm/java-8-openjdk-amd64/jre/lib/amd64/libnio.so
7f7d42a69000-7f7d42a80000 r-xp 00000000 08:01 790190                     /usr/lib/jvm/java-8-openjdk-amd64/jre/lib/amd64/libnet.so
7f7d42a80000-7f7d42c7f000 ---p 00017000 08:01 790190                     /usr/lib/jvm/java-8-openjdk-amd64/jre/lib/amd64/libnet.so
7f7d42c7f000-7f7d42c80000 r--p 00016000 08:01 790190                     /usr/lib/jvm/java-8-openjdk-amd64/jre/lib/amd64/libnet.so
7f7d42c80000-7f7d42c81000 rw-p 00017000 08:01 790190                     /usr/lib/jvm/java-8-openjdk-amd64/jre/lib/amd64/libnet.so
7f7d42c81000-7f7d42c86000 r--s 0009a000 08:01 792814                     /usr/lib/jvm/java-8-openjdk-amd64/jre/lib/jsse.jar
7f7d42c86000-7f7d42e86000 rw-p 00000000 00:00 0 
7f7d42e86000-7f7d43086000 rw-p 00000000 00:00 0 
7f7d43086000-7f7d43286000 rw-p 00000000 00:00 0 
7f7d43286000-7f7d4328a000 r--s 00038000 08:01 1340226                    /usr/share/java/plexus-utils2.jar
7f7d4328a000-7f7d4328c000 r--s 00005000 08:01 1340021                    /usr/share/java/eclipse-aether-transport-wagon.jar
7f7d4328c000-7f7d4328f000 r--s 0000a000 08:01 1340302                    /usr/share/java/maven3-artifact-3.3.9.jar
7f7d4328f000-7f7d43290000 r--s 00000000 08:01 1339681                    /usr/share/java/geronimo-interceptor-3.0-spec-1.0.1.jar
7f7d43290000-7f7d43292000 r--s 00012000 08:01 1339687                    /usr/share/java/el-api-3.0.jar
7f7d43292000-7f7d43293000 r--s 00000000 08:01 1339668                    /usr/share/java/atinject-jsr330-api-1.0.jar
7f7d43293000-7f7d43296000 r--s 00008000 08:01 1339695                    /usr/share/java/cdi-api-1.0.jar
7f7d43296000-7f7d4329e000 r--s 00068000 08:01 1339757                    /usr/share/java/commons-lang3.jar
7f7d4329e000-7f7d4329f000 r--s 00004000 08:01 1339667                    /usr/share/java/atinject-jsr330-tck-1.0.jar
7f7d4329f000-7f7d432a5000 r--s 0004f000 08:01 1339925                    /usr/share/java/jsoup.jar
7f7d432a5000-7f7d432a7000 r--s 00006000 08:01 1340020                    /usr/share/java/eclipse-aether-spi.jar
7f7d432a7000-7f7d432ac000 r--s 0002e000 08:01 1339745                    /usr/share/java/commons-io.jar
7f7d432ac000-7f7d432ae000 r--s 0000a000 08:01 1339713                    /usr/share/java/commons-cli-1.3.1.jar
7f7d432ae000-7f7d432b5000 r--s 00054000 08:01 1340261                    /usr/share/java/sisu-inject.jar
7f7d432b5000-7f7d432b7000 r--s 00001000 08:01 1340038                    /usr/share/java/aopalliance-1.0.jar
7f7d432b7000-7f7d432c5000 r--s 00099000 08:01 1340052                    /usr/share/java/guice.jar
7f7d432c5000-7f7d432d2000 r--s 0008d000 08:01 1340305                    /usr/share/java/maven3-core-3.3.9.jar
7f7d432d2000-7f7d432d6000 r--s 00020000 08:01 1340023                    /usr/share/java/eclipse-aether-util.jar
7f7d432d6000-7f7d432d7000 r--s 00002000 08:01 1339898                    /usr/share/java/slf4j-simple.jar
7f7d432d7000-7f7d432d8000 r--s 00001000 08:01 1340273                    /usr/share/java/wagon-file-2.x.jar
7f7d432d8000-7f7d432d9000 r--s 00009000 08:01 1339892                    /usr/share/java/slf4j-api.jar
7f7d432d9000-7f7d432e0000 r--s 0002c000 08:01 1340267                    /usr/share/java/sisu-plexus.jar
7f7d432e0000-7f7d432e2000 r--s 0000a000 08:01 1340303                    /usr/share/java/maven3-plugin-api-3.3.9.jar
7f7d432e2000-7f7d432e7000 r--s 00040000 08:01 1339751                    /usr/share/java/commons-lang-2.6.jar
7f7d432e7000-7f7d432e8000 r--s 00006000 08:01 1340298                    /usr/share/java/maven3-repository-metadata-3.3.9.jar
7f7d432e8000-7f7d432ea000 r--s 00002000 08:01 1340158                    /usr/share/java/plexus-cipher.jar
7f7d432ea000-7f7d432ec000 r--s 00001000 08:01 1340304                    /usr/share/java/maven3-builder-support-3.3.9.jar
7f7d432ec000-7f7d432ee000 r--s 00000000 08:01 1340220                    /usr/share/java/plexus-component-annotations-1.5.jar
7f7d432ee000-7f7d4331a000 r--s 00208000 08:01 1339938                    /usr/share/java/guava.jar
7f7d4331a000-7f7d4331b000 ---p 00000000 00:00 0 
7f7d4331b000-7f7d4341b000 rw-p 00000000 00:00 0 
7f7d4341b000-7f7d4341e000 ---p 00000000 00:00 0 
7f7d4341e000-7f7d4351c000 rw-p 00000000 00:00 0 
7f7d4351c000-7f7d4351f000 ---p 00000000 00:00 0 
7f7d4351f000-7f7d4361d000 rw-p 00000000 00:00 0 
7f7d4361d000-7f7d43620000 ---p 00000000 00:00 0 
7f7d43620000-7f7d4371e000 rw-p 00000000 00:00 0 
7f7d4371e000-7f7d43721000 ---p 00000000 00:00 0 
7f7d43721000-7f7d4381f000 rw-p 00000000 00:00 0 
7f7d4381f000-7f7d43afb000 r--p 00000000 08:01 1184976                    /usr/lib/locale/locale-archive
7f7d43afb000-7f7d43afe000 ---p 00000000 00:00 0 
7f7d43afe000-7f7d43bfc000 rw-p 00000000 00:00 0 
7f7d43bfc000-7f7d43bff000 ---p 00000000 00:00 0 
7f7d43bff000-7f7d43cfd000 rw-p 00000000 00:00 0 
7f7d43cfd000-7f7d43cfe000 ---p 00000000 00:00 0 
7f7d43cfe000-7f7d44000000 rw-p 00000000 00:00 0 
7f7d44000000-7f7d44021000 rw-p 00000000 00:00 0 
7f7d44021000-7f7d48000000 ---p 00000000 00:00 0 
7f7d48000000-7f7d48001000 r--s 00006000 08:01 1340164                    /usr/share/java/plexus-sec-dispatcher.jar
7f7d48001000-7f7d48006000 r--s 00025000 08:01 1340295                    /usr/share/java/maven3-model-builder-3.3.9.jar
7f7d48006000-7f7d48007000 r--s 00001000 08:01 1340278                    /usr/share/java/wagon-http-shared-2.x.jar
7f7d48007000-7f7d48009000 r--s 0000a000 08:01 1340279                    /usr/share/java/wagon-provider-api-2.x.jar
7f7d48009000-7f7d4800b000 r--s 00027000 08:01 1340296                    /usr/share/java/maven3-model-3.3.9.jar
7f7d4800b000-7f7d4800f000 r--s 00027000 08:01 1340015                    /usr/share/java/eclipse-aether-impl.jar
7f7d4800f000-7f7d48011000 r--s 0000e000 08:01 1339854                    /usr/share/java/plexus-interpolation.jar
7f7d48011000-7f7d48014000 r--s 00007000 08:01 1340297                    /usr/share/java/maven3-settings-builder-3.3.9.jar
7f7d48014000-7f7d48045000 r--s 00212000 08:01 1340277                    /usr/share/java/wagon-http-shaded-2.x.jar
7f7d48045000-7f7d48047000 r--s 00013000 08:01 1340301                    /usr/share/java/maven3-embedder-3.3.9.jar
7f7d48047000-7f7d4804c000 r--s 0001d000 08:01 1340022                    /usr/share/java/eclipse-aether-api.jar
7f7d4804c000-7f7d4804d000 r--s 00008000 08:01 1340018                    /usr/share/java/eclipse-aether-connector-basic.jar
7f7d4804d000-7f7d48054000 r--s 00041000 08:01 1340299                    /usr/share/java/maven3-compat-3.3.9.jar
7f7d48054000-7f7d4806f000 r--s 001d6000 08:01 930684                     /usr/lib/jvm/java-8-openjdk-amd64/jre/lib/ext/nashorn.jar
7f7d4806f000-7f7d4808a000 r--s 00394000 08:01 930679                     /usr/lib/jvm/java-8-openjdk-amd64/jre/lib/ext/cldrdata.jar
7f7d4808a000-7f7d49000000 rw-p 00000000 00:00 0 
7f7d49000000-7f7d499b0000 rwxp 00000000 00:00 0 
7f7d499b0000-7f7d58000000 ---p 00000000 00:00 0 
7f7d58000000-7f7d58a04000 rw-p 00000000 00:00 0 
7f7d58a04000-7f7d5c000000 ---p 00000000 00:00 0 
7f7d5c000000-7f7d5c001000 r--s 0000a000 08:01 1340300                    /usr/share/java/maven3-settings-3.3.9.jar
7f7d5c001000-7f7d5c003000 r--s 0000d000 08:01 1340294                    /usr/share/java/maven3-aether-provider-3.3.9.jar
7f7d5c003000-7f7d5c005000 r--s 0000a000 08:01 1340214                    /usr/share/java/plexus-classworlds2-2.5.2.jar
7f7d5c005000-7f7d5c007000 r--s 00007000 08:01 1319769                    /usr/share/java/java-atk-wrapper.jar
7f7d5c007000-7f7d5c00a000 r--s 0000f000 08:01 930681                     /usr/lib/jvm/java-8-openjdk-amd64/jre/lib/ext/icedtea-sound.jar
7f7d5c00a000-7f7d5c00f000 r--s 0003b000 08:01 930686                     /usr/lib/jvm/java-8-openjdk-amd64/jre/lib/ext/sunjce_provider.jar
7f7d5c00f000-7f7d5c1dd000 r--s 03c13000 08:01 792819                     /usr/lib/jvm/java-8-openjdk-amd64/jre/lib/rt.jar
7f7d5c1dd000-7f7d5e321000 rw-p 00000000 00:00 0 
7f7d5e321000-7f7d5e322000 ---p 00000000 00:00 0 
7f7d5e322000-7f7d5e422000 rw-p 00000000 00:00 0 
7f7d5e422000-7f7d5e423000 ---p 00000000 00:00 0 
7f7d5e423000-7f7d5e538000 rw-p 00000000 00:00 0 
7f7d5e538000-7f7d5e66d000 ---p 00000000 00:00 0 
7f7d5e66d000-7f7d5e682000 rw-p 00000000 00:00 0 
7f7d5e682000-7f7d5e7b6000 ---p 00000000 00:00 0 
7f7d5e7b6000-7f7d5e7dd000 rw-p 00000000 00:00 0 
7f7d5e7dd000-7f7d5e85b000 ---p 00000000 00:00 0 
7f7d5e85b000-7f7d5e883000 rw-p 00000000 00:00 0 
7f7d5e883000-7f7d5ec1c000 ---p 00000000 00:00 0 
7f7d5ec1c000-7f7d5ec24000 r-xp 00000000 08:01 790198                     /usr/lib/jvm/java-8-openjdk-amd64/jre/lib/amd64/libzip.so
7f7d5ec24000-7f7d5ee23000 ---p 00008000 08:01 790198                     /usr/lib/jvm/java-8-openjdk-amd64/jre/lib/amd64/libzip.so
7f7d5ee23000-7f7d5ee24000 r--p 00007000 08:01 790198                     /usr/lib/jvm/java-8-openjdk-amd64/jre/lib/amd64/libzip.so
7f7d5ee24000-7f7d5ee25000 rw-p 00008000 08:01 790198                     /usr/lib/jvm/java-8-openjdk-amd64/jre/lib/amd64/libzip.so
7f7d5ee25000-7f7d5ee30000 r-xp 00000000 08:01 917551                     /lib/x86_64-linux-gnu/libnss_files-2.24.so
7f7d5ee30000-7f7d5f02f000 ---p 0000b000 08:01 917551                     /lib/x86_64-linux-gnu/libnss_files-2.24.so
7f7d5f02f000-7f7d5f030000 r--p 0000a000 08:01 917551                     /lib/x86_64-linux-gnu/libnss_files-2.24.so
7f7d5f030000-7f7d5f031000 rw-p 0000b000 08:01 917551                     /lib/x86_64-linux-gnu/libnss_files-2.24.so
7f7d5f031000-7f7d5f037000 rw-p 00000000 00:00 0 
7f7d5f037000-7f7d5f042000 r-xp 00000000 08:01 917553                     /lib/x86_64-linux-gnu/libnss_nis-2.24.so
7f7d5f042000-7f7d5f241000 ---p 0000b000 08:01 917553                     /lib/x86_64-linux-gnu/libnss_nis-2.24.so
7f7d5f241000-7f7d5f242000 r--p 0000a000 08:01 917553                     /lib/x86_64-linux-gnu/libnss_nis-2.24.so
7f7d5f242000-7f7d5f243000 rw-p 0000b000 08:01 917553                     /lib/x86_64-linux-gnu/libnss_nis-2.24.so
7f7d5f243000-7f7d5f259000 r-xp 00000000 08:01 917548                     /lib/x86_64-linux-gnu/libnsl-2.24.so
7f7d5f259000-7f7d5f458000 ---p 00016000 08:01 917548                     /lib/x86_64-linux-gnu/libnsl-2.24.so
7f7d5f458000-7f7d5f459000 r--p 00015000 08:01 917548                     /lib/x86_64-linux-gnu/libnsl-2.24.so
7f7d5f459000-7f7d5f45a000 rw-p 00016000 08:01 917548                     /lib/x86_64-linux-gnu/libnsl-2.24.so
7f7d5f45a000-7f7d5f45c000 rw-p 00000000 00:00 0 
7f7d5f45c000-7f7d5f464000 r-xp 00000000 08:01 917549                     /lib/x86_64-linux-gnu/libnss_compat-2.24.so
7f7d5f464000-7f7d5f663000 ---p 00008000 08:01 917549                     /lib/x86_64-linux-gnu/libnss_compat-2.24.so
7f7d5f663000-7f7d5f664000 r--p 00007000 08:01 917549                     /lib/x86_64-linux-gnu/libnss_compat-2.24.so
7f7d5f664000-7f7d5f665000 rw-p 00008000 08:01 917549                     /lib/x86_64-linux-gnu/libnss_compat-2.24.so
7f7d5f665000-7f7d5f692000 r-xp 00000000 08:01 790179                     /usr/lib/jvm/java-8-openjdk-amd64/jre/lib/amd64/libjava.so
7f7d5f692000-7f7d5f891000 ---p 0002d000 08:01 790179                     /usr/lib/jvm/java-8-openjdk-amd64/jre/lib/amd64/libjava.so
7f7d5f891000-7f7d5f892000 r--p 0002c000 08:01 790179                     /usr/lib/jvm/java-8-openjdk-amd64/jre/lib/amd64/libjava.so
7f7d5f892000-7f7d5f894000 rw-p 0002d000 08:01 790179                     /usr/lib/jvm/java-8-openjdk-amd64/jre/lib/amd64/libjava.so
7f7d5f894000-7f7d5f8a3000 r-xp 00000000 08:01 790197                     /usr/lib/jvm/java-8-openjdk-amd64/jre/lib/amd64/libverify.so
7f7d5f8a3000-7f7d5faa3000 ---p 0000f000 08:01 790197                     /usr/lib/jvm/java-8-openjdk-amd64/jre/lib/amd64/libverify.so
7f7d5faa3000-7f7d5faa5000 r--p 0000f000 08:01 790197                     /usr/lib/jvm/java-8-openjdk-amd64/jre/lib/amd64/libverify.so
7f7d5faa5000-7f7d5faa6000 rw-p 00011000 08:01 790197                     /usr/lib/jvm/java-8-openjdk-amd64/jre/lib/amd64/libverify.so
7f7d5faa6000-7f7d5faad000 r-xp 00000000 08:01 922898                     /lib/x86_64-linux-gnu/librt-2.24.so
7f7d5faad000-7f7d5fcac000 ---p 00007000 08:01 922898                     /lib/x86_64-linux-gnu/librt-2.24.so
7f7d5fcac000-7f7d5fcad000 r--p 00006000 08:01 922898                     /lib/x86_64-linux-gnu/librt-2.24.so
7f7d5fcad000-7f7d5fcae000 rw-p 00007000 08:01 922898                     /lib/x86_64-linux-gnu/librt-2.24.so
7f7d5fcae000-7f7d5fcc4000 r-xp 00000000 08:01 923076                     /lib/x86_64-linux-gnu/libgcc_s.so.1
7f7d5fcc4000-7f7d5fec3000 ---p 00016000 08:01 923076                     /lib/x86_64-linux-gnu/libgcc_s.so.1
7f7d5fec3000-7f7d5fec4000 r--p 00015000 08:01 923076                     /lib/x86_64-linux-gnu/libgcc_s.so.1
7f7d5fec4000-7f7d5fec5000 rw-p 00016000 08:01 923076                     /lib/x86_64-linux-gnu/libgcc_s.so.1
7f7d5fec5000-7f7d5ffcd000 r-xp 00000000 08:01 917545                     /lib/x86_64-linux-gnu/libm-2.24.so
7f7d5ffcd000-7f7d601cc000 ---p 00108000 08:01 917545                     /lib/x86_64-linux-gnu/libm-2.24.so
7f7d601cc000-7f7d601cd000 r--p 00107000 08:01 917545                     /lib/x86_64-linux-gnu/libm-2.24.so
7f7d601cd000-7f7d601ce000 rw-p 00108000 08:01 917545                     /lib/x86_64-linux-gnu/libm-2.24.so
7f7d601ce000-7f7d60347000 r-xp 00000000 08:01 1186287                    /usr/lib/x86_64-linux-gnu/libstdc++.so.6.0.22
7f7d60347000-7f7d60546000 ---p 00179000 08:01 1186287                    /usr/lib/x86_64-linux-gnu/libstdc++.so.6.0.22
7f7d60546000-7f7d60550000 r--p 00178000 08:01 1186287                    /usr/lib/x86_64-linux-gnu/libstdc++.so.6.0.22
7f7d60550000-7f7d60552000 rw-p 00182000 08:01 1186287                    /usr/lib/x86_64-linux-gnu/libstdc++.so.6.0.22
7f7d60552000-7f7d60556000 rw-p 00000000 00:00 0 
7f7d60556000-7f7d611b0000 r-xp 00000000 08:01 790201                     /usr/lib/jvm/java-8-openjdk-amd64/jre/lib/amd64/server/libjvm.so
7f7d611b0000-7f7d613af000 ---p 00c5a000 08:01 790201                     /usr/lib/jvm/java-8-openjdk-amd64/jre/lib/amd64/server/libjvm.so
7f7d613af000-7f7d61442000 r--p 00c59000 08:01 790201                     /usr/lib/jvm/java-8-openjdk-amd64/jre/lib/amd64/server/libjvm.so
7f7d61442000-7f7d6146b000 rw-p 00cec000 08:01 790201                     /usr/lib/jvm/java-8-openjdk-amd64/jre/lib/amd64/server/libjvm.so
7f7d6146b000-7f7d6149b000 rw-p 00000000 00:00 0 
7f7d6149b000-7f7d614b3000 r-xp 00000000 08:01 922554                     /lib/x86_64-linux-gnu/libpthread-2.24.so
7f7d614b3000-7f7d616b3000 ---p 00018000 08:01 922554                     /lib/x86_64-linux-gnu/libpthread-2.24.so
7f7d616b3000-7f7d616b4000 r--p 00018000 08:01 922554                     /lib/x86_64-linux-gnu/libpthread-2.24.so
7f7d616b4000-7f7d616b5000 rw-p 00019000 08:01 922554                     /lib/x86_64-linux-gnu/libpthread-2.24.so
7f7d616b5000-7f7d616b9000 rw-p 00000000 00:00 0 
7f7d616b9000-7f7d616bc000 r-xp 00000000 08:01 917544                     /lib/x86_64-linux-gnu/libdl-2.24.so
7f7d616bc000-7f7d618bb000 ---p 00003000 08:01 917544                     /lib/x86_64-linux-gnu/libdl-2.24.so
7f7d618bb000-7f7d618bc000 r--p 00002000 08:01 917544                     /lib/x86_64-linux-gnu/libdl-2.24.so
7f7d618bc000-7f7d618bd000 rw-p 00003000 08:01 917544                     /lib/x86_64-linux-gnu/libdl-2.24.so
7f7d618bd000-7f7d618d8000 r-xp 00000000 08:01 923213                     /lib/x86_64-linux-gnu/libz.so.1.2.11
7f7d618d8000-7f7d61ad7000 ---p 0001b000 08:01 923213                     /lib/x86_64-linux-gnu/libz.so.1.2.11
7f7d61ad7000-7f7d61ad8000 r--p 0001a000 08:01 923213                     /lib/x86_64-linux-gnu/libz.so.1.2.11
7f7d61ad8000-7f7d61ad9000 rw-p 0001b000 08:01 923213                     /lib/x86_64-linux-gnu/libz.so.1.2.11
7f7d61ad9000-7f7d61c97000 r-xp 00000000 08:01 917541                     /lib/x86_64-linux-gnu/libc-2.24.so
7f7d61c97000-7f7d61e96000 ---p 001be000 08:01 917541                     /lib/x86_64-linux-gnu/libc-2.24.so
7f7d61e96000-7f7d61e9a000 r--p 001bd000 08:01 917541                     /lib/x86_64-linux-gnu/libc-2.24.so
7f7d61e9a000-7f7d61e9c000 rw-p 001c1000 08:01 917541                     /lib/x86_64-linux-gnu/libc-2.24.so
7f7d61e9c000-7f7d61ea0000 rw-p 00000000 00:00 0 
7f7d61ea0000-7f7d61ead000 r-xp 00000000 08:01 790165                     /usr/lib/jvm/java-8-openjdk-amd64/jre/lib/amd64/jli/libjli.so
7f7d61ead000-7f7d620ad000 ---p 0000d000 08:01 790165                     /usr/lib/jvm/java-8-openjdk-amd64/jre/lib/amd64/jli/libjli.so
7f7d620ad000-7f7d620ae000 r--p 0000d000 08:01 790165                     /usr/lib/jvm/java-8-openjdk-amd64/jre/lib/amd64/jli/libjli.so
7f7d620ae000-7f7d620af000 rw-p 0000e000 08:01 790165                     /usr/lib/jvm/java-8-openjdk-amd64/jre/lib/amd64/jli/libjli.so
7f7d620af000-7f7d620d5000 r-xp 00000000 08:01 917518                     /lib/x86_64-linux-gnu/ld-2.24.so
7f7d620d5000-7f7d620df000 r--s 00116000 08:01 930683                     /usr/lib/jvm/java-8-openjdk-amd64/jre/lib/ext/localedata.jar
7f7d620df000-7f7d621b8000 rw-p 00000000 00:00 0 
7f7d621b8000-7f7d621bb000 ---p 00000000 00:00 0 
7f7d621bb000-7f7d622bd000 rw-p 00000000 00:00 0 
7f7d622bd000-7f7d622bf000 r--s 00001000 08:01 930680                     /usr/lib/jvm/java-8-openjdk-amd64/jre/lib/ext/dnsns.jar
7f7d622bf000-7f7d622c0000 r--s 00010000 08:01 930688                     /usr/lib/jvm/java-8-openjdk-amd64/jre/lib/ext/zipfs.jar
7f7d622c0000-7f7d622c4000 r--s 00037000 08:01 930687                     /usr/lib/jvm/java-8-openjdk-amd64/jre/lib/ext/sunpkcs11.jar
7f7d622c4000-7f7d622c5000 r--s 0000a000 08:01 930682                     /usr/lib/jvm/java-8-openjdk-amd64/jre/lib/ext/jaccess.jar
7f7d622c5000-7f7d622c7000 r--s 00008000 08:01 930685                     /usr/lib/jvm/java-8-openjdk-amd64/jre/lib/ext/sunec.jar
7f7d622c7000-7f7d622cf000 rw-s 00000000 08:01 794932                     /tmp/hsperfdata_novabase/7436
7f7d622cf000-7f7d622d0000 rw-p 00000000 00:00 0 
7f7d622d0000-7f7d622d1000 ---p 00000000 00:00 0 
7f7d622d1000-7f7d622d4000 rw-p 00000000 00:00 0 
7f7d622d4000-7f7d622d5000 r--p 00025000 08:01 917518                     /lib/x86_64-linux-gnu/ld-2.24.so
7f7d622d5000-7f7d622d6000 rw-p 00026000 08:01 917518                     /lib/x86_64-linux-gnu/ld-2.24.so
7f7d622d6000-7f7d622d7000 rw-p 00000000 00:00 0 
7ffe08ae2000-7ffe08b03000 rw-p 00000000 00:00 0                          [stack]
7ffe08b1e000-7ffe08b20000 r--p 00000000 00:00 0                          [vvar]
7ffe08b20000-7ffe08b22000 r-xp 00000000 00:00 0                          [vdso]
ffffffffff600000-ffffffffff601000 r-xp 00000000 00:00 0                  [vsyscall]

VM Arguments:
jvm_args: -Dclassworlds.conf=/usr/share/maven/bin/m2.conf -Dmaven.home=/usr/share/maven -Dmaven.multiModuleProjectDirectory=/home/novabase/nuno/java-bank 
java_command: org.codehaus.plexus.classworlds.launcher.Launcher clean tomcat7:redeploy
java_class_path (initial): /usr/share/maven/boot/plexus-classworlds-2.x.jar
Launcher Type: SUN_STANDARD

Environment Variables:
JAVA_HOME=/usr/lib/jvm/java-8-openjdk-amd64
PATH=/home/novabase/.local/share/umake/bin:/home/novabase/.local/share/umake/bin:/usr/local/sbin:/usr/local/bin:/usr/sbin:/usr/bin:/sbin:/bin:/usr/games:/usr/local/games:/snap/bin:/snap/bin
LD_LIBRARY_PATH=/home/novabase/.local/share/umake/ide/idea-ultimate/bin:
SHELL=/bin/bash
DISPLAY=:0.0

Signal Handlers:
SIGSEGV: [libjvm.so+0xa70490], sa_mask[0]=11111111011111111101111111111110, sa_flags=SA_RESTART|SA_SIGINFO
SIGBUS: [libjvm.so+0xa70490], sa_mask[0]=11111111011111111101111111111110, sa_flags=SA_RESTART|SA_SIGINFO
SIGFPE: [libjvm.so+0x8b9fc0], sa_mask[0]=11111111011111111101111111111110, sa_flags=SA_RESTART|SA_SIGINFO
SIGPIPE: [libjvm.so+0x8b9fc0], sa_mask[0]=11111111011111111101111111111110, sa_flags=SA_RESTART|SA_SIGINFO
SIGXFSZ: [libjvm.so+0x8b9fc0], sa_mask[0]=11111111011111111101111111111110, sa_flags=SA_RESTART|SA_SIGINFO
SIGILL: [libjvm.so+0x8b9fc0], sa_mask[0]=11111111011111111101111111111110, sa_flags=SA_RESTART|SA_SIGINFO
SIGUSR1: SIG_DFL, sa_mask[0]=00000000000000000000000000000000, sa_flags=none
SIGUSR2: [libjvm.so+0x8b9e70], sa_mask[0]=00100000000000000000000000000000, sa_flags=SA_RESTART|SA_SIGINFO
SIGHUP: [libjvm.so+0x8ba320], sa_mask[0]=11111111011111111101111111111110, sa_flags=SA_RESTART|SA_SIGINFO
SIGINT: [libjvm.so+0x8ba320], sa_mask[0]=11111111011111111101111111111110, sa_flags=SA_RESTART|SA_SIGINFO
SIGTERM: [libjvm.so+0x8ba320], sa_mask[0]=11111111011111111101111111111110, sa_flags=SA_RESTART|SA_SIGINFO
SIGQUIT: [libjvm.so+0x8ba320], sa_mask[0]=11111111011111111101111111111110, sa_flags=SA_RESTART|SA_SIGINFO


---------------  S Y S T E M  ---------------

OS:DISTRIB_ID=Ubuntu
DISTRIB_RELEASE=17.04
DISTRIB_CODENAME=zesty
DISTRIB_DESCRIPTION="Ubuntu 17.04"

uname:Linux 4.10.0-37-generic #41-Ubuntu SMP Fri Oct 6 20:20:37 UTC 2017 x86_64
libc:glibc 2.24 NPTL 2.24 
rlimit: STACK 8192k, CORE 0k, NPROC 15618, NOFILE 1048576, AS infinity
load average:0,40 0,48 0,55

/proc/meminfo:
MemTotal:        4044204 kB
MemFree:           90380 kB
MemAvailable:          0 kB
Buffers:             496 kB
Cached:           290276 kB
SwapCached:         2024 kB
Active:          3166380 kB
Inactive:         642740 kB
Active(anon):    3162996 kB
Inactive(anon):   632192 kB
Active(file):       3384 kB
Inactive(file):    10548 kB
Unevictable:          32 kB
Mlocked:              32 kB
SwapTotal:       1214880 kB
SwapFree:              0 kB
Dirty:               212 kB
Writeback:           148 kB
AnonPages:       3516852 kB
Mapped:           281248 kB
Shmem:            276668 kB
Slab:              52584 kB
SReclaimable:      23120 kB
SUnreclaim:        29464 kB
KernelStack:        8928 kB
PageTables:        47220 kB
NFS_Unstable:          0 kB
Bounce:                0 kB
WritebackTmp:          0 kB
CommitLimit:     3236980 kB
Committed_AS:    7787088 kB
VmallocTotal:   34359738367 kB
VmallocUsed:           0 kB
VmallocChunk:          0 kB
HardwareCorrupted:     0 kB
AnonHugePages:   1984512 kB
ShmemHugePages:        0 kB
ShmemPmdMapped:        0 kB
CmaTotal:              0 kB
CmaFree:               0 kB
HugePages_Total:       0
HugePages_Free:        0
HugePages_Rsvd:        0
HugePages_Surp:        0
Hugepagesize:       2048 kB
DirectMap4k:      161728 kB
DirectMap2M:     4032512 kB


CPU:total 2 (initial active 2) (2 cores per cpu, 1 threads per core) family 6 model 61 stepping 4, cmov, cx8, fxsr, mmx, sse, sse2, sse3, ssse3, sse4.1, sse4.2, popcnt, avx, aes, clmul, 3dnowpref, lzcnt, tsc, tscinvbit

/proc/cpuinfo:
processor	: 0
vendor_id	: GenuineIntel
cpu family	: 6
model		: 61
model name	: Intel(R) Core(TM) i5-5200U CPU @ 2.20GHz
stepping	: 4
cpu MHz		: 2194.920
cache size	: 3072 KB
physical id	: 0
siblings	: 2
core id		: 0
cpu cores	: 2
apicid		: 0
initial apicid	: 0
fpu		: yes
fpu_exception	: yes
cpuid level	: 20
wp		: yes
flags		: fpu vme de pse tsc msr pae mce cx8 apic sep mtrr pge mca cmov pat pse36 clflush mmx fxsr sse sse2 ht syscall nx rdtscp lm constant_tsc rep_good nopl xtopology nonstop_tsc pni pclmulqdq ssse3 cx16 sse4_1 sse4_2 x2apic movbe popcnt aes xsave avx rdrand hypervisor lahf_lm abm 3dnowprefetch rdseed
bugs		:
bogomips	: 4389.84
clflush size	: 64
cache_alignment	: 64
address sizes	: 39 bits physical, 48 bits virtual
power management:

processor	: 1
vendor_id	: GenuineIntel
cpu family	: 6
model		: 61
model name	: Intel(R) Core(TM) i5-5200U CPU @ 2.20GHz
stepping	: 4
cpu MHz		: 2194.920
cache size	: 3072 KB
physical id	: 0
siblings	: 2
core id		: 1
cpu cores	: 2
apicid		: 1
initial apicid	: 1
fpu		: yes
fpu_exception	: yes
cpuid level	: 20
wp		: yes
flags		: fpu vme de pse tsc msr pae mce cx8 apic sep mtrr pge mca cmov pat pse36 clflush mmx fxsr sse sse2 ht syscall nx rdtscp lm constant_tsc rep_good nopl xtopology nonstop_tsc pni pclmulqdq ssse3 cx16 sse4_1 sse4_2 x2apic movbe popcnt aes xsave avx rdrand hypervisor lahf_lm abm 3dnowprefetch rdseed
bugs		:
bogomips	: 4389.84
clflush size	: 64
cache_alignment	: 64
address sizes	: 39 bits physical, 48 bits virtual
power management:



Memory: 4k page, physical 4044204k(90256k free), swap 1214880k(0k free)

vm_info: OpenJDK 64-Bit Server VM (25.131-b11) for linux-amd64 JRE (1.8.0_131-8u131-b11-2ubuntu1.17.04.3-b11), built on Jul 27 2017 21:26:44 by "buildd" with gcc 6.3.0 20170406

time: Fri Oct 20 18:18:02 2017
elapsed time: 5 seconds (0d 0h 0m 5s)

