#
# There is insufficient memory for the Java Runtime Environment to continue.
# Native memory allocation (mmap) failed to map 58720256 bytes for committing reserved memory.
# Possible reasons:
#   The system is out of physical RAM or swap space
#   In 32 bit mode, the process size limit was hit
# Possible solutions:
#   Reduce memory load on the system
#   Increase physical memory or swap space
#   Check if swap backing store is full
#   Use 64 bit Java on a 64 bit OS
#   Decrease Java heap size (-Xmx/-Xms)
#   Decrease number of Java threads
#   Decrease Java thread stack sizes (-Xss)
#   Set larger code cache with -XX:ReservedCodeCacheSize=
# This output file may be truncated or incomplete.
#
#  Out of Memory Error (os_linux.cpp:2643), pid=16562, tid=0x00007f3529b19700
#
# JRE version: OpenJDK Runtime Environment (8.0_131-b11) (build 1.8.0_131-8u131-b11-2ubuntu1.17.04.3-b11)
# Java VM: OpenJDK 64-Bit Server VM (25.131-b11 mixed mode linux-amd64 compressed oops)
# Failed to write core dump. Core dumps have been disabled. To enable core dumping, try "ulimit -c unlimited" before starting Java again
#

---------------  T H R E A D  ---------------

Current thread (0x00007f3540073800):  VMThread [stack: 0x00007f3529a19000,0x00007f3529b1a000] [id=16591]

Stack: [0x00007f3529a19000,0x00007f3529b1a000],  sp=0x00007f3529b184d0,  free space=1021k
Native frames: (J=compiled Java code, j=interpreted, Vv=VM code, C=native code)
V  [libjvm.so+0xa6fa00]  VMError::report_and_die()+0x160
V  [libjvm.so+0x4c7bdc]  report_vm_out_of_memory(char const*, int, unsigned long, VMErrorType, char const*)+0xac
V  [libjvm.so+0x8be7a0]  os::pd_commit_memory(char*, unsigned long, unsigned long, bool)+0xf0
V  [libjvm.so+0x8b8e2e]  os::commit_memory(char*, unsigned long, unsigned long, bool)+0x2e
V  [libjvm.so+0x93395e]  PSVirtualSpace::expand_by(unsigned long)+0x4e
V  [libjvm.so+0x934ce3]  PSYoungGen::resize(unsigned long, unsigned long)+0x103
V  [libjvm.so+0x931333]  PSScavenge::invoke_no_policy()+0x1503
V  [libjvm.so+0x9315dc]  PSScavenge::invoke()+0x4c
V  [libjvm.so+0x8e2f53]  ParallelScavengeHeap::failed_mem_allocate(unsigned long)+0x63
V  [libjvm.so+0xa71672]  VM_ParallelGCFailedAllocation::doit()+0x92
V  [libjvm.so+0xa767e7]  VM_Operation::evaluate()+0x47
V  [libjvm.so+0xa73f77]  VMThread::evaluate_operation(VM_Operation*) [clone .constprop.30]+0xe7
V  [libjvm.so+0xa753f6]  VMThread::loop()+0x246
V  [libjvm.so+0xa758f1]  VMThread::run()+0x81
V  [libjvm.so+0x8bbd32]  java_start(Thread*)+0xf2

VM_Operation (0x00007f3548053530): ParallelGCFailedAllocation, mode: safepoint, requested by thread 0x00007f354000a000


---------------  P R O C E S S  ---------------

Java Threads: ( => current thread )
  0x00007f35400b0000 JavaThread "Service Thread" daemon [_thread_blocked, id=16597, stack(0x00007f3529137000,0x00007f3529238000)]
  0x00007f35400ad000 JavaThread "C1 CompilerThread1" daemon [_thread_blocked, id=16596, stack(0x00007f3529238000,0x00007f3529339000)]
  0x00007f35400aa800 JavaThread "C2 CompilerThread0" daemon [_thread_blocked, id=16595, stack(0x00007f3529339000,0x00007f352943a000)]
  0x00007f35400a8000 JavaThread "Signal Dispatcher" daemon [_thread_blocked, id=16594, stack(0x00007f352943a000,0x00007f352953b000)]
  0x00007f354007f800 JavaThread "Finalizer" daemon [_thread_blocked, id=16593, stack(0x00007f3529817000,0x00007f3529918000)]
  0x00007f354007b000 JavaThread "Reference Handler" daemon [_thread_blocked, id=16592, stack(0x00007f3529918000,0x00007f3529a19000)]
  0x00007f354000a000 JavaThread "main" [_thread_blocked, id=16588, stack(0x00007f3547f56000,0x00007f3548057000)]

Other Threads:
=>0x00007f3540073800 VMThread [stack: 0x00007f3529a19000,0x00007f3529b1a000] [id=16591]
  0x00007f35400bf000 WatcherThread [stack: 0x00007f3529036000,0x00007f3529137000] [id=16598]

VM state:at safepoint (normal execution)

VM Mutex/Monitor currently owned by a thread:  ([mutex/lock_event])
[0x00007f3540006480] Threads_lock - owner thread: 0x00007f3540073800
[0x00007f3540006980] Heap_lock - owner thread: 0x00007f354000a000

Heap:
 PSYoungGen      total 136192K, used 9184K [0x00000000eb700000, 0x00000000f4500000, 0x0000000100000000)
  eden space 126976K, 0% used [0x00000000eb700000,0x00000000eb700000,0x00000000f3300000)
  from space 9216K, 99% used [0x00000000f3300000,0x00000000f3bf8078,0x00000000f3c00000)
  to   space 9216K, 0% used [0x00000000f3c00000,0x00000000f3c00000,0x00000000f4500000)
 ParOldGen       total 46080K, used 18879K [0x00000000c2400000, 0x00000000c5100000, 0x00000000eb700000)
  object space 46080K, 40% used [0x00000000c2400000,0x00000000c366fc30,0x00000000c5100000)
 Metaspace       used 26498K, capacity 27320K, committed 27648K, reserved 1073152K
  class space    used 3068K, capacity 3248K, committed 3328K, reserved 1048576K

Card table byte_map: [0x00007f354440b000,0x00007f35445fa000] byte_map_base: 0x00007f3543df9000

Marking Bits: (ParMarkBitMap*) 0x00007f354721c2c0
 Begin Bits: [0x00007f352a120000, 0x00007f352b090000)
 End Bits:   [0x00007f352b090000, 0x00007f352c000000)

Polling page: 0x00007f354806e000

CodeCache: size=245760Kb used=13343Kb max_used=13354Kb free=232416Kb
 bounds [0x00007f3531000000, 0x00007f3531d20000, 0x00007f3540000000]
 total_blobs=4985 nmethods=4577 adapters=321
 compilation: enabled

Compilation events (10 events):
Event: 8,961 Thread 0x00007f35400aa800 4596       4       org.codehaus.plexus.interpolation.MapBasedValueSource::getValue (22 bytes)
Event: 8,961 Thread 0x00007f35400ad000 4603       3       java.io.BufferedReader::<init> (9 bytes)
Event: 8,961 Thread 0x00007f35400ad000 nmethod 4603 0x00007f3531cff490 code [0x00007f3531cff600, 0x00007f3531cff7a8]
Event: 8,963 Thread 0x00007f35400ad000 4604   !   3       org.apache.maven.model.building.DefaultModelBuilder::importDependencyManagement (1093 bytes)
Event: 8,967 Thread 0x00007f35400aa800 nmethod 4596 0x00007f3531d12d10 code [0x00007f3531d12e80, 0x00007f3531d134d8]
Event: 8,967 Thread 0x00007f35400aa800 4565       4       java.util.LinkedHashMap$LinkedKeyIterator::next (8 bytes)
Event: 8,968 Thread 0x00007f35400aa800 nmethod 4565 0x00007f3531d02a50 code [0x00007f3531d02ba0, 0x00007f3531d02c78]
Event: 8,968 Thread 0x00007f35400aa800 4595       4       com.google.inject.internal.InternalContext$DependencyStack::add (71 bytes)
Event: 8,972 Thread 0x00007f35400aa800 nmethod 4595 0x00007f3531d023d0 code [0x00007f3531d02520, 0x00007f3531d02878]
Event: 8,972 Thread 0x00007f35400aa800 4597       4       org.apache.maven.model.Dependency::getManagementKey (94 bytes)

GC Heap History (10 events):
Event: 1,720 GC heap after
Heap after GC invocations=3 (full 0):
 PSYoungGen      total 34304K, used 2560K [0x00000000eb700000, 0x00000000efa00000, 0x0000000100000000)
  eden space 31744K, 0% used [0x00000000eb700000,0x00000000eb700000,0x00000000ed600000)
  from space 2560K, 100% used [0x00000000ed600000,0x00000000ed880000,0x00000000ed880000)
  to   space 2560K, 0% used [0x00000000ef780000,0x00000000ef780000,0x00000000efa00000)
 ParOldGen       total 42496K, used 4844K [0x00000000c2400000, 0x00000000c4d80000, 0x00000000eb700000)
  object space 42496K, 11% used [0x00000000c2400000,0x00000000c28bb138,0x00000000c4d80000)
 Metaspace       used 11402K, capacity 11560K, committed 11776K, reserved 1058816K
  class space    used 1407K, capacity 1508K, committed 1536K, reserved 1048576K
}
Event: 2,575 GC heap before
{Heap before GC invocations=4 (full 0):
 PSYoungGen      total 34304K, used 34304K [0x00000000eb700000, 0x00000000efa00000, 0x0000000100000000)
  eden space 31744K, 100% used [0x00000000eb700000,0x00000000ed600000,0x00000000ed600000)
  from space 2560K, 100% used [0x00000000ed600000,0x00000000ed880000,0x00000000ed880000)
  to   space 2560K, 0% used [0x00000000ef780000,0x00000000ef780000,0x00000000efa00000)
 ParOldGen       total 42496K, used 4844K [0x00000000c2400000, 0x00000000c4d80000, 0x00000000eb700000)
  object space 42496K, 11% used [0x00000000c2400000,0x00000000c28bb138,0x00000000c4d80000)
 Metaspace       used 14185K, capacity 14346K, committed 14720K, reserved 1062912K
  class space    used 1738K, capacity 1808K, committed 1920K, reserved 1048576K
Event: 2,584 GC heap after
Heap after GC invocations=4 (full 0):
 PSYoungGen      total 66048K, used 2544K [0x00000000eb700000, 0x00000000efa00000, 0x0000000100000000)
  eden space 63488K, 0% used [0x00000000eb700000,0x00000000eb700000,0x00000000ef500000)
  from space 2560K, 99% used [0x00000000ef780000,0x00000000ef9fc010,0x00000000efa00000)
  to   space 2560K, 0% used [0x00000000ef500000,0x00000000ef500000,0x00000000ef780000)
 ParOldGen       total 42496K, used 7447K [0x00000000c2400000, 0x00000000c4d80000, 0x00000000eb700000)
  object space 42496K, 17% used [0x00000000c2400000,0x00000000c2b45e80,0x00000000c4d80000)
 Metaspace       used 14185K, capacity 14346K, committed 14720K, reserved 1062912K
  class space    used 1738K, capacity 1808K, committed 1920K, reserved 1048576K
}
Event: 3,801 GC heap before
{Heap before GC invocations=5 (full 0):
 PSYoungGen      total 66048K, used 66032K [0x00000000eb700000, 0x00000000efa00000, 0x0000000100000000)
  eden space 63488K, 100% used [0x00000000eb700000,0x00000000ef500000,0x00000000ef500000)
  from space 2560K, 99% used [0x00000000ef780000,0x00000000ef9fc010,0x00000000efa00000)
  to   space 2560K, 0% used [0x00000000ef500000,0x00000000ef500000,0x00000000ef780000)
 ParOldGen       total 42496K, used 7447K [0x00000000c2400000, 0x00000000c4d80000, 0x00000000eb700000)
  object space 42496K, 17% used [0x00000000c2400000,0x00000000c2b45e80,0x00000000c4d80000)
 Metaspace       used 16888K, capacity 17236K, committed 17536K, reserved 1064960K
  class space    used 2002K, capacity 2122K, committed 2176K, reserved 1048576K
Event: 3,827 GC heap after
Heap after GC invocations=5 (full 0):
 PSYoungGen      total 66048K, used 2544K [0x00000000eb700000, 0x00000000f4500000, 0x0000000100000000)
  eden space 63488K, 0% used [0x00000000eb700000,0x00000000eb700000,0x00000000ef500000)
  from space 2560K, 99% used [0x00000000ef500000,0x00000000ef77c010,0x00000000ef780000)
  to   space 9216K, 0% used [0x00000000f3c00000,0x00000000f3c00000,0x00000000f4500000)
 ParOldGen       total 42496K, used 13044K [0x00000000c2400000, 0x00000000c4d80000, 0x00000000eb700000)
  object space 42496K, 30% used [0x00000000c2400000,0x00000000c30bd0e0,0x00000000c4d80000)
 Metaspace       used 16888K, capacity 17236K, committed 17536K, reserved 1064960K
  class space    used 2002K, capacity 2122K, committed 2176K, reserved 1048576K
}
Event: 4,637 GC heap before
{Heap before GC invocations=6 (full 0):
 PSYoungGen      total 66048K, used 60973K [0x00000000eb700000, 0x00000000f4500000, 0x0000000100000000)
  eden space 63488K, 92% used [0x00000000eb700000,0x00000000ef00f428,0x00000000ef500000)
  from space 2560K, 99% used [0x00000000ef500000,0x00000000ef77c010,0x00000000ef780000)
  to   space 9216K, 0% used [0x00000000f3c00000,0x00000000f3c00000,0x00000000f4500000)
 ParOldGen       total 42496K, used 13044K [0x00000000c2400000, 0x00000000c4d80000, 0x00000000eb700000)
  object space 42496K, 30% used [0x00000000c2400000,0x00000000c30bd0e0,0x00000000c4d80000)
 Metaspace       used 20577K, capacity 21116K, committed 21296K, reserved 1069056K
  class space    used 2457K, capacity 2601K, committed 2688K, reserved 1048576K
Event: 4,653 GC heap after
Heap after GC invocations=6 (full 0):
 PSYoungGen      total 136192K, used 6209K [0x00000000eb700000, 0x00000000f4500000, 0x0000000100000000)
  eden space 126976K, 0% used [0x00000000eb700000,0x00000000eb700000,0x00000000f3300000)
  from space 9216K, 67% used [0x00000000f3c00000,0x00000000f4210488,0x00000000f4500000)
  to   space 9216K, 0% used [0x00000000f3300000,0x00000000f3300000,0x00000000f3c00000)
 ParOldGen       total 42496K, used 13052K [0x00000000c2400000, 0x00000000c4d80000, 0x00000000eb700000)
  object space 42496K, 30% used [0x00000000c2400000,0x00000000c30bf0e0,0x00000000c4d80000)
 Metaspace       used 20577K, capacity 21116K, committed 21296K, reserved 1069056K
  class space    used 2457K, capacity 2601K, committed 2688K, reserved 1048576K
}
Event: 4,653 GC heap before
{Heap before GC invocations=7 (full 1):
 PSYoungGen      total 136192K, used 6209K [0x00000000eb700000, 0x00000000f4500000, 0x0000000100000000)
  eden space 126976K, 0% used [0x00000000eb700000,0x00000000eb700000,0x00000000f3300000)
  from space 9216K, 67% used [0x00000000f3c00000,0x00000000f4210488,0x00000000f4500000)
  to   space 9216K, 0% used [0x00000000f3300000,0x00000000f3300000,0x00000000f3c00000)
 ParOldGen       total 42496K, used 13052K [0x00000000c2400000, 0x00000000c4d80000, 0x00000000eb700000)
  object space 42496K, 30% used [0x00000000c2400000,0x00000000c30bf0e0,0x00000000c4d80000)
 Metaspace       used 20577K, capacity 21116K, committed 21296K, reserved 1069056K
  class space    used 2457K, capacity 2601K, committed 2688K, reserved 1048576K
Event: 4,770 GC heap after
Heap after GC invocations=7 (full 1):
 PSYoungGen      total 136192K, used 0K [0x00000000eb700000, 0x00000000f4500000, 0x0000000100000000)
  eden space 126976K, 0% used [0x00000000eb700000,0x00000000eb700000,0x00000000f3300000)
  from space 9216K, 0% used [0x00000000f3c00000,0x00000000f3c00000,0x00000000f4500000)
  to   space 9216K, 0% used [0x00000000f3300000,0x00000000f3300000,0x00000000f3c00000)
 ParOldGen       total 46080K, used 14048K [0x00000000c2400000, 0x00000000c5100000, 0x00000000eb700000)
  object space 46080K, 30% used [0x00000000c2400000,0x00000000c31b8150,0x00000000c5100000)
 Metaspace       used 20577K, capacity 21116K, committed 21296K, reserved 1069056K
  class space    used 2457K, capacity 2601K, committed 2688K, reserved 1048576K
}
Event: 8,988 GC heap before
{Heap before GC invocations=8 (full 1):
 PSYoungGen      total 136192K, used 126976K [0x00000000eb700000, 0x00000000f4500000, 0x0000000100000000)
  eden space 126976K, 100% used [0x00000000eb700000,0x00000000f3300000,0x00000000f3300000)
  from space 9216K, 0% used [0x00000000f3c00000,0x00000000f3c00000,0x00000000f4500000)
  to   space 9216K, 0% used [0x00000000f3300000,0x00000000f3300000,0x00000000f3c00000)
 ParOldGen       total 46080K, used 14048K [0x00000000c2400000, 0x00000000c5100000, 0x00000000eb700000)
  object space 46080K, 30% used [0x00000000c2400000,0x00000000c31b8150,0x00000000c5100000)
 Metaspace       used 26498K, capacity 27320K, committed 27648K, reserved 1073152K
  class space    used 3068K, capacity 3248K, committed 3328K, reserved 1048576K

Deoptimization events (10 events):
Event: 7,335 Thread 0x00007f354000a000 Uncommon trap: reason=unstable_if action=reinterpret pc=0x00007f35312b9c0c method=sun.nio.cs.StreamDecoder.read0()I @ 11
Event: 7,339 Thread 0x00007f354000a000 Uncommon trap: reason=class_check action=maybe_recompile pc=0x00007f3531775918 method=java.util.Hashtable.put(Ljava/lang/Object;Ljava/lang/Object;)Ljava/lang/Object; @ 18
Event: 7,343 Thread 0x00007f354000a000 Uncommon trap: reason=class_check action=maybe_recompile pc=0x00007f3531775918 method=java.util.Hashtable.put(Ljava/lang/Object;Ljava/lang/Object;)Ljava/lang/Object; @ 18
Event: 7,343 Thread 0x00007f354000a000 Uncommon trap: reason=class_check action=maybe_recompile pc=0x00007f3531775918 method=java.util.Hashtable.put(Ljava/lang/Object;Ljava/lang/Object;)Ljava/lang/Object; @ 18
Event: 7,344 Thread 0x00007f354000a000 Uncommon trap: reason=class_check action=maybe_recompile pc=0x00007f3531775918 method=java.util.Hashtable.put(Ljava/lang/Object;Ljava/lang/Object;)Ljava/lang/Object; @ 18
Event: 8,856 Thread 0x00007f354000a000 Uncommon trap: reason=unstable_if action=reinterpret pc=0x00007f3531cc7d98 method=java.lang.StringCoding$StringEncoder.encode([CII)[B @ 20
Event: 8,856 Thread 0x00007f354000a000 Uncommon trap: reason=class_check action=maybe_recompile pc=0x00007f353182ad9c method=java.util.Hashtable.get(Ljava/lang/Object;)Ljava/lang/Object; @ 6
Event: 8,857 Thread 0x00007f354000a000 Uncommon trap: reason=class_check action=maybe_recompile pc=0x00007f353182ad9c method=java.util.Hashtable.get(Ljava/lang/Object;)Ljava/lang/Object; @ 6
Event: 8,857 Thread 0x00007f354000a000 Uncommon trap: reason=class_check action=maybe_recompile pc=0x00007f353182ad9c method=java.util.Hashtable.get(Ljava/lang/Object;)Ljava/lang/Object; @ 6
Event: 8,857 Thread 0x00007f354000a000 Uncommon trap: reason=class_check action=maybe_recompile pc=0x00007f353182ad9c method=java.util.Hashtable.get(Ljava/lang/Object;)Ljava/lang/Object; @ 6

Internal exceptions (10 events):
Event: 3,088 Thread 0x00007f354000a000 Implicit null exception at 0x00007f3531693d39 to 0x00007f3531694701
Event: 4,402 Thread 0x00007f354000a000 Exception <a 'java/lang/ClassNotFoundException': com/sun/tools/javac/api/JavacTool> (0x00000000ee602d50) thrown at [/build/openjdk-8-ugc2Ph/openjdk-8-8u131-b11/src/hotspot/src/share/vm/classfile/systemDictionary.cpp, line 210]
Event: 4,935 Thread 0x00007f354000a000 Exception <a 'java/security/PrivilegedActionException'> (0x00000000ed777160) thrown at [/build/openjdk-8-ugc2Ph/openjdk-8-8u131-b11/src/hotspot/src/share/vm/prims/jvm.cpp, line 1390]
Event: 4,935 Thread 0x00007f354000a000 Exception <a 'java/security/PrivilegedActionException'> (0x00000000ed777558) thrown at [/build/openjdk-8-ugc2Ph/openjdk-8-8u131-b11/src/hotspot/src/share/vm/prims/jvm.cpp, line 1390]
Event: 4,935 Thread 0x00007f354000a000 Exception <a 'java/security/PrivilegedActionException'> (0x00000000ed778770) thrown at [/build/openjdk-8-ugc2Ph/openjdk-8-8u131-b11/src/hotspot/src/share/vm/prims/jvm.cpp, line 1390]
Event: 4,935 Thread 0x00007f354000a000 Exception <a 'java/security/PrivilegedActionException'> (0x00000000ed778b68) thrown at [/build/openjdk-8-ugc2Ph/openjdk-8-8u131-b11/src/hotspot/src/share/vm/prims/jvm.cpp, line 1390]
Event: 5,101 Thread 0x00007f354000a000 Exception <a 'java/io/FileNotFoundException'> (0x00000000edded820) thrown at [/build/openjdk-8-ugc2Ph/openjdk-8-8u131-b11/src/hotspot/src/share/vm/prims/jni.cpp, line 709]
Event: 5,104 Thread 0x00007f354000a000 Exception <a 'java/io/FileNotFoundException'> (0x00000000ede150a0) thrown at [/build/openjdk-8-ugc2Ph/openjdk-8-8u131-b11/src/hotspot/src/share/vm/prims/jni.cpp, line 709]
Event: 5,104 Thread 0x00007f354000a000 Exception <a 'java/io/FileNotFoundException'> (0x00000000ede15c90) thrown at [/build/openjdk-8-ugc2Ph/openjdk-8-8u131-b11/src/hotspot/src/share/vm/prims/jni.cpp, line 709]
Event: 5,140 Thread 0x00007f354000a000 Exception <a 'java/io/FileNotFoundException'> (0x00000000ee2f0fd8) thrown at [/build/openjdk-8-ugc2Ph/openjdk-8-8u131-b11/src/hotspot/src/share/vm/prims/jni.cpp, line 709]

Events (10 events):
Event: 8,857 Thread 0x00007f354000a000 Uncommon trap: trap_request=0xffffffde fr.pc=0x00007f353182ad9c
Event: 8,857 Thread 0x00007f354000a000 DEOPT PACKING pc=0x00007f353182ad9c sp=0x00007f35480542d0
Event: 8,857 Thread 0x00007f354000a000 DEOPT UNPACKING pc=0x00007f3531004f69 sp=0x00007f3548054288 mode 2
Event: 8,857 Thread 0x00007f354000a000 Uncommon trap: trap_request=0xffffffde fr.pc=0x00007f353182ad9c
Event: 8,857 Thread 0x00007f354000a000 DEOPT PACKING pc=0x00007f353182ad9c sp=0x00007f35480542d0
Event: 8,857 Thread 0x00007f354000a000 DEOPT UNPACKING pc=0x00007f3531004f69 sp=0x00007f3548054288 mode 2
Event: 8,857 Thread 0x00007f354000a000 Uncommon trap: trap_request=0xffffffde fr.pc=0x00007f353182ad9c
Event: 8,857 Thread 0x00007f354000a000 DEOPT PACKING pc=0x00007f353182ad9c sp=0x00007f35480542d0
Event: 8,857 Thread 0x00007f354000a000 DEOPT UNPACKING pc=0x00007f3531004f69 sp=0x00007f3548054288 mode 2
Event: 8,987 Executing VM operation: ParallelGCFailedAllocation


Dynamic libraries:
c2400000-c5100000 rw-p 00000000 00:00 0 
c5100000-eb700000 ---p 00000000 00:00 0 
eb700000-f4500000 rw-p 00000000 00:00 0 
f7d00000-100000000 ---p 00000000 00:00 0 
100000000-100340000 rw-p 00000000 00:00 0 
100340000-140000000 ---p 00000000 00:00 0 
55c3809b9000-55c3809ba000 r-xp 00000000 08:01 662676                     /usr/lib/jvm/java-8-openjdk-amd64/jre/bin/java
55c380bb9000-55c380bba000 r--p 00000000 08:01 662676                     /usr/lib/jvm/java-8-openjdk-amd64/jre/bin/java
55c380bba000-55c380bbb000 rw-p 00001000 08:01 662676                     /usr/lib/jvm/java-8-openjdk-amd64/jre/bin/java
55c381005000-55c381026000 rw-p 00000000 00:00 0                          [heap]
7f3500973000-7f3500b33000 rw-p 00000000 00:00 0 
7f3500b33000-7f3500b73000 ---p 00000000 00:00 0 
7f3500b73000-7f3500d73000 rw-p 00000000 00:00 0 
7f3500dff000-7f3500fff000 rw-p 00000000 00:00 0 
7f3500fff000-7f3504000000 rw-p 00000000 00:00 0 
7f3504000000-7f3504021000 rw-p 00000000 00:00 0 
7f3504021000-7f3508000000 ---p 00000000 00:00 0 
7f3508000000-7f3508021000 rw-p 00000000 00:00 0 
7f3508021000-7f350c000000 ---p 00000000 00:00 0 
7f350c000000-7f350d0f9000 rw-p 00000000 00:00 0 
7f350d0f9000-7f3510000000 ---p 00000000 00:00 0 
7f3510000000-7f3510f77000 rw-p 00000000 00:00 0 
7f3510f77000-7f3514000000 ---p 00000000 00:00 0 
7f3514000000-7f3514021000 rw-p 00000000 00:00 0 
7f3514021000-7f3518000000 ---p 00000000 00:00 0 
7f3518000000-7f3518021000 rw-p 00000000 00:00 0 
7f3518021000-7f351c000000 ---p 00000000 00:00 0 
7f351c000000-7f351c276000 rw-p 00000000 00:00 0 
7f351c276000-7f3520000000 ---p 00000000 00:00 0 
7f3520000000-7f3520021000 rw-p 00000000 00:00 0 
7f3520021000-7f3524000000 ---p 00000000 00:00 0 
7f3524000000-7f3524021000 rw-p 00000000 00:00 0 
7f3524021000-7f3528000000 ---p 00000000 00:00 0 
7f35280f2000-7f35280f4000 r--s 00007000 08:01 162302                     /home/novabase/.m2/repository/org/apache/maven/shared/maven-filtering/1.0-beta-2/maven-filtering-1.0-beta-2.jar
7f35280f4000-7f35280f6000 r--s 00005000 08:01 162300                     /home/novabase/.m2/repository/xpp3/xpp3_min/1.1.4c/xpp3_min-1.1.4c.jar
7f35280f6000-7f3528101000 r--s 0005f000 08:01 1352546                    /home/novabase/.m2/repository/com/thoughtworks/xstream/xstream/1.3.1/xstream-1.3.1.jar
7f3528101000-7f3528103000 r--s 0000d000 08:01 935342                     /home/novabase/.m2/repository/org/codehaus/plexus/plexus-interpolation/1.15/plexus-interpolation-1.15.jar
7f3528103000-7f3528108000 r--s 00029000 08:01 935344                     /home/novabase/.m2/repository/org/codehaus/plexus/plexus-archiver/2.1/plexus-archiver-2.1.jar
7f3528108000-7f352810b000 r--s 0000c000 08:01 935346                     /home/novabase/.m2/repository/org/codehaus/plexus/plexus-io/2.0.2/plexus-io-2.0.2.jar
7f352810b000-7f352810d000 r--s 00004000 08:01 155258                     /home/novabase/.m2/repository/org/apache/maven/maven-archiver/2.5/maven-archiver-2.5.jar
7f352810d000-7f3528110000 r--s 00011000 08:01 162289                     /home/novabase/.m2/repository/org/apache/maven/plugins/maven-war-plugin/2.2/maven-war-plugin-2.2.jar
7f3528110000-7f3528111000 r--s 00003000 08:01 538926                     /home/novabase/.m2/repository/org/apache/maven/plugin-tools/maven-plugin-annotations/3.2/maven-plugin-annotations-3.2.jar
7f3528111000-7f3528115000 r--s 00020000 08:01 796651                     /home/novabase/.m2/repository/org/apache/maven/surefire/surefire-api/2.17/surefire-api-2.17.jar
7f3528115000-7f352811b000 r--s 00048000 08:01 421221                     /home/novabase/.m2/repository/org/apache/commons/commons-lang3/3.1/commons-lang3-3.1.jar
7f352811b000-7f352811c000 r--s 00002000 08:01 155182                     /home/novabase/.m2/repository/org/apache/maven/reporting/maven-reporting-api/2.0.9/maven-reporting-api-2.0.9.jar
7f352811c000-7f3528120000 r--s 00030000 08:01 1065555                    /home/novabase/.m2/repository/org/codehaus/plexus/plexus-utils/1.5.1/plexus-utils-1.5.1.jar
7f3528120000-7f3528122000 r--s 00008000 08:01 796649                     /home/novabase/.m2/repository/org/apache/maven/surefire/surefire-booter/2.17/surefire-booter-2.17.jar
7f3528122000-7f3528127000 r--s 0003c000 08:01 421217                     /home/novabase/.m2/repository/org/apache/maven/surefire/maven-surefire-common/2.17/maven-surefire-common-2.17.jar
7f3528127000-7f3528129000 r--s 00007000 08:01 154952                     /home/novabase/.m2/repository/org/apache/maven/plugins/maven-surefire-plugin/2.17/maven-surefire-plugin-2.17.jar
7f3528129000-7f3528329000 rw-p 00000000 00:00 0 
7f3528329000-7f35283a2000 r--s 010fd000 08:01 662744                     /usr/lib/jvm/java-8-openjdk-amd64/lib/tools.jar
7f35283a2000-7f35283a3000 r--s 00004000 08:01 935515                     /home/novabase/.m2/repository/org/codehaus/plexus/plexus-compiler-javac/2.8.1/plexus-compiler-javac-2.8.1.jar
7f35283a3000-7f35283a5000 r--s 00000000 08:01 935513                     /home/novabase/.m2/repository/org/codehaus/plexus/plexus-compiler-manager/2.8.1/plexus-compiler-manager-2.8.1.jar
7f35283a5000-7f35283a7000 r--s 00005000 08:01 1068091                    /home/novabase/.m2/repository/org/codehaus/plexus/plexus-compiler-api/2.8.1/plexus-compiler-api-2.8.1.jar
7f35283a7000-7f35283ae000 r--s 00046000 08:01 1344001                    /home/novabase/.m2/repository/com/thoughtworks/qdox/qdox/2.0-M5/qdox-2.0-M5.jar
7f35283ae000-7f35283b0000 r--s 0000c000 08:01 1342816                    /home/novabase/.m2/repository/org/ow2/asm/asm/6.0_ALPHA/asm-6.0_ALPHA.jar
7f35283b0000-7f35283b2000 r--s 00002000 08:01 155157                     /home/novabase/.m2/repository/org/apache/maven/shared/maven-shared-incremental/1.1/maven-shared-incremental-1.1.jar
7f35283b2000-7f35283b6000 r--s 0002f000 08:01 421180                     /home/novabase/.m2/repository/commons-io/commons-io/2.5/commons-io-2.5.jar
7f35283b6000-7f35283b9000 r--s 00025000 08:01 1344063                    /home/novabase/.m2/repository/org/apache/maven/shared/maven-shared-utils/3.1.0/maven-shared-utils-3.1.0.jar
7f35283b9000-7f35283bb000 r--s 00002000 08:01 155080                     /home/novabase/.m2/repository/org/sonatype/plexus/plexus-cipher/1.4/plexus-cipher-1.4.jar
7f35283bb000-7f35283bc000 r--s 00006000 08:01 155064                     /home/novabase/.m2/repository/org/sonatype/plexus/plexus-sec-dispatcher/1.3/plexus-sec-dispatcher-1.3.jar
7f35283bc000-7f35283be000 r--s 00000000 08:01 935264                     /home/novabase/.m2/repository/org/codehaus/plexus/plexus-component-annotations/1.6/plexus-component-annotations-1.6.jar
7f35283be000-7f35283c0000 r--s 0000d000 08:01 935311                     /home/novabase/.m2/repository/org/codehaus/plexus/plexus-interpolation/1.14/plexus-interpolation-1.14.jar
7f35283c0000-7f35283c4000 r--s 00017000 08:01 155075                     /home/novabase/.m2/repository/org/sonatype/aether/aether-util/1.7/aether-util-1.7.jar
7f35283c4000-7f35283c8000 r--s 00033000 08:01 1065535                    /home/novabase/.m2/repository/org/codehaus/plexus/plexus-utils/2.0.4/plexus-utils-2.0.4.jar
7f35283c8000-7f35283d3000 r--s 00069000 08:01 421176                     /home/novabase/.m2/repository/org/sonatype/sisu/sisu-guice/2.1.7/sisu-guice-2.1.7-noaop.jar
7f35283d3000-7f35283d8000 r--s 00021000 08:01 155061                     /home/novabase/.m2/repository/org/sonatype/sisu/sisu-inject-bean/1.4.2/sisu-inject-bean-1.4.2.jar
7f35283d8000-7f35283da000 r--s 0000d000 08:01 1329458                    /home/novabase/.m2/repository/org/apache/maven/plugins/maven-compiler-plugin/3.6.1/maven-compiler-plugin-3.6.1.jar
7f35283da000-7f35283dc000 r--s 0000d000 08:01 935399                     /home/novabase/.m2/repository/org/codehaus/plexus/plexus-interpolation/1.13/plexus-interpolation-1.13.jar
7f35283dc000-7f35283dd000 r--s 00001000 08:01 156501                     /home/novabase/.m2/repository/org/sonatype/plexus/plexus-build-api/0.0.4/plexus-build-api-0.0.4.jar
7f35283dd000-7f35283df000 r--s 00009000 08:01 156499                     /home/novabase/.m2/repository/org/apache/maven/shared/maven-filtering/1.1/maven-filtering-1.1.jar
7f35283df000-7f35283e3000 r--s 00033000 08:01 1065656                    /home/novabase/.m2/repository/org/codehaus/plexus/plexus-utils/2.0.5/plexus-utils-2.0.5.jar
7f35283e3000-7f35283e6000 r--s 0001b000 08:01 155251                     /home/novabase/.m2/repository/junit/junit/3.8.1/junit-3.8.1.jar
7f35283e6000-7f35283e8000 r--s 00002000 08:01 935339                     /home/novabase/.m2/repository/org/codehaus/plexus/plexus-interactivity-api/1.0-alpha-4/plexus-interactivity-api-1.0-alpha-4.jar
7f35283e8000-7f35283ea000 r--s 00006000 08:01 155260                     /home/novabase/.m2/repository/commons-cli/commons-cli/1.0/commons-cli-1.0.jar
7f35283ea000-7f35283eb000 r--s 00001000 08:01 421236                     /home/novabase/.m2/repository/org/apache/maven/doxia/doxia-sink-api/1.0-alpha-7/doxia-sink-api-1.0-alpha-7.jar
7f35283eb000-7f35283ed000 r--s 00006000 08:01 156481                     /home/novabase/.m2/repository/org/apache/maven/plugins/maven-resources-plugin/2.6/maven-resources-plugin-2.6.jar
7f35283ed000-7f35283f1000 r--s 00034000 08:01 1065575                    /home/novabase/.m2/repository/org/codehaus/plexus/plexus-utils/3.0/plexus-utils-3.0.jar
7f35283f1000-7f35285f1000 rw-p 00000000 00:00 0 
7f35285f1000-7f35285f2000 r--s 00002000 08:01 796662                     /home/novabase/.m2/repository/org/apache/maven/reporting/maven-reporting-api/2.0.6/maven-reporting-api-2.0.6.jar
7f35285f2000-7f35285f4000 r--s 00005000 08:01 156471                     /home/novabase/.m2/repository/org/apache/maven/plugins/maven-clean-plugin/2.5/maven-clean-plugin-2.5.jar
7f35285f4000-7f3528605000 r-xp 00000000 08:01 790191                     /usr/lib/jvm/java-8-openjdk-amd64/jre/lib/amd64/libnio.so
7f3528605000-7f3528805000 ---p 00011000 08:01 790191                     /usr/lib/jvm/java-8-openjdk-amd64/jre/lib/amd64/libnio.so
7f3528805000-7f3528806000 r--p 00011000 08:01 790191                     /usr/lib/jvm/java-8-openjdk-amd64/jre/lib/amd64/libnio.so
7f3528806000-7f3528807000 rw-p 00012000 08:01 790191                     /usr/lib/jvm/java-8-openjdk-amd64/jre/lib/amd64/libnio.so
7f3528807000-7f352881e000 r-xp 00000000 08:01 790190                     /usr/lib/jvm/java-8-openjdk-amd64/jre/lib/amd64/libnet.so
7f352881e000-7f3528a1d000 ---p 00017000 08:01 790190                     /usr/lib/jvm/java-8-openjdk-amd64/jre/lib/amd64/libnet.so
7f3528a1d000-7f3528a1e000 r--p 00016000 08:01 790190                     /usr/lib/jvm/java-8-openjdk-amd64/jre/lib/amd64/libnet.so
7f3528a1e000-7f3528a1f000 rw-p 00017000 08:01 790190                     /usr/lib/jvm/java-8-openjdk-amd64/jre/lib/amd64/libnet.so
7f3528a1f000-7f3528c1f000 rw-p 00000000 00:00 0 
7f3528c1f000-7f3528c24000 r--s 0009a000 08:01 792814                     /usr/lib/jvm/java-8-openjdk-amd64/jre/lib/jsse.jar
7f3528c24000-7f3528e24000 rw-p 00000000 00:00 0 
7f3528e24000-7f3529024000 rw-p 00000000 00:00 0 
7f3529024000-7f3529028000 r--s 00038000 08:01 1340226                    /usr/share/java/plexus-utils2.jar
7f3529028000-7f352902a000 r--s 00005000 08:01 1340021                    /usr/share/java/eclipse-aether-transport-wagon.jar
7f352902a000-7f352902d000 r--s 0000a000 08:01 1340302                    /usr/share/java/maven3-artifact-3.3.9.jar
7f352902d000-7f352902e000 r--s 00000000 08:01 1339681                    /usr/share/java/geronimo-interceptor-3.0-spec-1.0.1.jar
7f352902e000-7f3529036000 r--s 00068000 08:01 1339757                    /usr/share/java/commons-lang3.jar
7f3529036000-7f3529037000 ---p 00000000 00:00 0 
7f3529037000-7f3529137000 rw-p 00000000 00:00 0 
7f3529137000-7f352913a000 ---p 00000000 00:00 0 
7f352913a000-7f3529238000 rw-p 00000000 00:00 0 
7f3529238000-7f352923b000 ---p 00000000 00:00 0 
7f352923b000-7f3529339000 rw-p 00000000 00:00 0 
7f3529339000-7f352933c000 ---p 00000000 00:00 0 
7f352933c000-7f352943a000 rw-p 00000000 00:00 0 
7f352943a000-7f352943d000 ---p 00000000 00:00 0 
7f352943d000-7f352953b000 rw-p 00000000 00:00 0 
7f352953b000-7f3529817000 r--p 00000000 08:01 1184976                    /usr/lib/locale/locale-archive
7f3529817000-7f352981a000 ---p 00000000 00:00 0 
7f352981a000-7f3529918000 rw-p 00000000 00:00 0 
7f3529918000-7f352991b000 ---p 00000000 00:00 0 
7f352991b000-7f3529a19000 rw-p 00000000 00:00 0 
7f3529a19000-7f3529a1a000 ---p 00000000 00:00 0 
7f3529a1a000-7f352c000000 rw-p 00000000 00:00 0 
7f352c000000-7f352c021000 rw-p 00000000 00:00 0 
7f352c021000-7f3530000000 ---p 00000000 00:00 0 
7f3530000000-7f3530002000 r--s 00012000 08:01 1339687                    /usr/share/java/el-api-3.0.jar
7f3530002000-7f3530003000 r--s 00000000 08:01 1339668                    /usr/share/java/atinject-jsr330-api-1.0.jar
7f3530003000-7f3530006000 r--s 00008000 08:01 1339695                    /usr/share/java/cdi-api-1.0.jar
7f3530006000-7f3530007000 r--s 00004000 08:01 1339667                    /usr/share/java/atinject-jsr330-tck-1.0.jar
7f3530007000-7f353000d000 r--s 0004f000 08:01 1339925                    /usr/share/java/jsoup.jar
7f353000d000-7f353000f000 r--s 00006000 08:01 1340020                    /usr/share/java/eclipse-aether-spi.jar
7f353000f000-7f3530014000 r--s 0002e000 08:01 1339745                    /usr/share/java/commons-io.jar
7f3530014000-7f3530016000 r--s 0000a000 08:01 1339713                    /usr/share/java/commons-cli-1.3.1.jar
7f3530016000-7f353001d000 r--s 00054000 08:01 1340261                    /usr/share/java/sisu-inject.jar
7f353001d000-7f353001f000 r--s 00001000 08:01 1340038                    /usr/share/java/aopalliance-1.0.jar
7f353001f000-7f353002d000 r--s 00099000 08:01 1340052                    /usr/share/java/guice.jar
7f353002d000-7f353003a000 r--s 0008d000 08:01 1340305                    /usr/share/java/maven3-core-3.3.9.jar
7f353003a000-7f353003e000 r--s 00020000 08:01 1340023                    /usr/share/java/eclipse-aether-util.jar
7f353003e000-7f353003f000 r--s 00002000 08:01 1339898                    /usr/share/java/slf4j-simple.jar
7f353003f000-7f3530040000 r--s 00001000 08:01 1340273                    /usr/share/java/wagon-file-2.x.jar
7f3530040000-7f3530041000 r--s 00009000 08:01 1339892                    /usr/share/java/slf4j-api.jar
7f3530041000-7f3530048000 r--s 0002c000 08:01 1340267                    /usr/share/java/sisu-plexus.jar
7f3530048000-7f353004a000 r--s 0000a000 08:01 1340303                    /usr/share/java/maven3-plugin-api-3.3.9.jar
7f353004a000-7f353004f000 r--s 00040000 08:01 1339751                    /usr/share/java/commons-lang-2.6.jar
7f353004f000-7f3530050000 r--s 00006000 08:01 1340298                    /usr/share/java/maven3-repository-metadata-3.3.9.jar
7f3530050000-7f3530052000 r--s 00002000 08:01 1340158                    /usr/share/java/plexus-cipher.jar
7f3530052000-7f3530054000 r--s 00001000 08:01 1340304                    /usr/share/java/maven3-builder-support-3.3.9.jar
7f3530054000-7f3530056000 r--s 00000000 08:01 1340220                    /usr/share/java/plexus-component-annotations-1.5.jar
7f3530056000-7f3530082000 r--s 00208000 08:01 1339938                    /usr/share/java/guava.jar
7f3530082000-7f3530083000 r--s 00006000 08:01 1340164                    /usr/share/java/plexus-sec-dispatcher.jar
7f3530083000-7f3530088000 r--s 00025000 08:01 1340295                    /usr/share/java/maven3-model-builder-3.3.9.jar
7f3530088000-7f3530089000 r--s 00001000 08:01 1340278                    /usr/share/java/wagon-http-shared-2.x.jar
7f3530089000-7f353008b000 r--s 0000a000 08:01 1340279                    /usr/share/java/wagon-provider-api-2.x.jar
7f353008b000-7f353008d000 r--s 00027000 08:01 1340296                    /usr/share/java/maven3-model-3.3.9.jar
7f353008d000-7f3530091000 r--s 00027000 08:01 1340015                    /usr/share/java/eclipse-aether-impl.jar
7f3530091000-7f3530093000 r--s 0000e000 08:01 1339854                    /usr/share/java/plexus-interpolation.jar
7f3530093000-7f3530096000 r--s 00007000 08:01 1340297                    /usr/share/java/maven3-settings-builder-3.3.9.jar
7f3530096000-7f35300c7000 r--s 00212000 08:01 1340277                    /usr/share/java/wagon-http-shaded-2.x.jar
7f35300c7000-7f35300c9000 r--s 00013000 08:01 1340301                    /usr/share/java/maven3-embedder-3.3.9.jar
7f35300c9000-7f35300ce000 r--s 0001d000 08:01 1340022                    /usr/share/java/eclipse-aether-api.jar
7f35300ce000-7f35300cf000 r--s 00008000 08:01 1340018                    /usr/share/java/eclipse-aether-connector-basic.jar
7f35300cf000-7f35300d6000 r--s 00041000 08:01 1340299                    /usr/share/java/maven3-compat-3.3.9.jar
7f35300d6000-7f35300d8000 r--s 0000d000 08:01 1340294                    /usr/share/java/maven3-aether-provider-3.3.9.jar
7f35300d8000-7f35300f3000 r--s 001d6000 08:01 930684                     /usr/lib/jvm/java-8-openjdk-amd64/jre/lib/ext/nashorn.jar
7f35300f3000-7f3530444000 rw-p 00000000 00:00 0 
7f3530444000-7f3530612000 r--s 03c13000 08:01 792819                     /usr/lib/jvm/java-8-openjdk-amd64/jre/lib/rt.jar
7f3530612000-7f3531000000 rw-p 00000000 00:00 0 
7f3531000000-7f3531d20000 rwxp 00000000 00:00 0 
7f3531d20000-7f3540000000 ---p 00000000 00:00 0 
7f3540000000-7f3540def000 rw-p 00000000 00:00 0 
7f3540def000-7f3544000000 ---p 00000000 00:00 0 
7f3544000000-7f3544001000 r--s 0000a000 08:01 1340300                    /usr/share/java/maven3-settings-3.3.9.jar
7f3544001000-7f3544003000 r--s 0000a000 08:01 1340214                    /usr/share/java/plexus-classworlds2-2.5.2.jar
7f3544003000-7f3544005000 r--s 00007000 08:01 1319769                    /usr/share/java/java-atk-wrapper.jar
7f3544005000-7f3544008000 r--s 0000f000 08:01 930681                     /usr/lib/jvm/java-8-openjdk-amd64/jre/lib/ext/icedtea-sound.jar
7f3544008000-7f354400d000 r--s 0003b000 08:01 930686                     /usr/lib/jvm/java-8-openjdk-amd64/jre/lib/ext/sunjce_provider.jar
7f354400d000-7f3544028000 r--s 00394000 08:01 930679                     /usr/lib/jvm/java-8-openjdk-amd64/jre/lib/ext/cldrdata.jar
7f3544028000-7f35440bf000 rw-p 00000000 00:00 0 
7f35440bf000-7f35440c0000 ---p 00000000 00:00 0 
7f35440c0000-7f35441c0000 rw-p 00000000 00:00 0 
7f35441c0000-7f35441c1000 ---p 00000000 00:00 0 
7f35441c1000-7f35442d8000 rw-p 00000000 00:00 0 
7f35442d8000-7f354440b000 ---p 00000000 00:00 0 
7f354440b000-7f3544422000 rw-p 00000000 00:00 0 
7f3544422000-7f3544554000 ---p 00000000 00:00 0 
7f3544554000-7f354459c000 rw-p 00000000 00:00 0 
7f354459c000-7f35445f9000 ---p 00000000 00:00 0 
7f35445f9000-7f354462f000 rw-p 00000000 00:00 0 
7f354462f000-7f35449ba000 ---p 00000000 00:00 0 
7f35449ba000-7f35449c2000 r-xp 00000000 08:01 790198                     /usr/lib/jvm/java-8-openjdk-amd64/jre/lib/amd64/libzip.so
7f35449c2000-7f3544bc1000 ---p 00008000 08:01 790198                     /usr/lib/jvm/java-8-openjdk-amd64/jre/lib/amd64/libzip.so
7f3544bc1000-7f3544bc2000 r--p 00007000 08:01 790198                     /usr/lib/jvm/java-8-openjdk-amd64/jre/lib/amd64/libzip.so
7f3544bc2000-7f3544bc3000 rw-p 00008000 08:01 790198                     /usr/lib/jvm/java-8-openjdk-amd64/jre/lib/amd64/libzip.so
7f3544bc3000-7f3544bce000 r-xp 00000000 08:01 917551                     /lib/x86_64-linux-gnu/libnss_files-2.24.so
7f3544bce000-7f3544dcd000 ---p 0000b000 08:01 917551                     /lib/x86_64-linux-gnu/libnss_files-2.24.so
7f3544dcd000-7f3544dce000 r--p 0000a000 08:01 917551                     /lib/x86_64-linux-gnu/libnss_files-2.24.so
7f3544dce000-7f3544dcf000 rw-p 0000b000 08:01 917551                     /lib/x86_64-linux-gnu/libnss_files-2.24.so
7f3544dcf000-7f3544dd5000 rw-p 00000000 00:00 0 
7f3544dd5000-7f3544de0000 r-xp 00000000 08:01 917553                     /lib/x86_64-linux-gnu/libnss_nis-2.24.so
7f3544de0000-7f3544fdf000 ---p 0000b000 08:01 917553                     /lib/x86_64-linux-gnu/libnss_nis-2.24.so
7f3544fdf000-7f3544fe0000 r--p 0000a000 08:01 917553                     /lib/x86_64-linux-gnu/libnss_nis-2.24.so
7f3544fe0000-7f3544fe1000 rw-p 0000b000 08:01 917553                     /lib/x86_64-linux-gnu/libnss_nis-2.24.so
7f3544fe1000-7f3544ff7000 r-xp 00000000 08:01 917548                     /lib/x86_64-linux-gnu/libnsl-2.24.so
7f3544ff7000-7f35451f6000 ---p 00016000 08:01 917548                     /lib/x86_64-linux-gnu/libnsl-2.24.so
7f35451f6000-7f35451f7000 r--p 00015000 08:01 917548                     /lib/x86_64-linux-gnu/libnsl-2.24.so
7f35451f7000-7f35451f8000 rw-p 00016000 08:01 917548                     /lib/x86_64-linux-gnu/libnsl-2.24.so
7f35451f8000-7f35451fa000 rw-p 00000000 00:00 0 
7f35451fa000-7f3545202000 r-xp 00000000 08:01 917549                     /lib/x86_64-linux-gnu/libnss_compat-2.24.so
7f3545202000-7f3545401000 ---p 00008000 08:01 917549                     /lib/x86_64-linux-gnu/libnss_compat-2.24.so
7f3545401000-7f3545402000 r--p 00007000 08:01 917549                     /lib/x86_64-linux-gnu/libnss_compat-2.24.so
7f3545402000-7f3545403000 rw-p 00008000 08:01 917549                     /lib/x86_64-linux-gnu/libnss_compat-2.24.so
7f3545403000-7f3545430000 r-xp 00000000 08:01 790179                     /usr/lib/jvm/java-8-openjdk-amd64/jre/lib/amd64/libjava.so
7f3545430000-7f354562f000 ---p 0002d000 08:01 790179                     /usr/lib/jvm/java-8-openjdk-amd64/jre/lib/amd64/libjava.so
7f354562f000-7f3545630000 r--p 0002c000 08:01 790179                     /usr/lib/jvm/java-8-openjdk-amd64/jre/lib/amd64/libjava.so
7f3545630000-7f3545632000 rw-p 0002d000 08:01 790179                     /usr/lib/jvm/java-8-openjdk-amd64/jre/lib/amd64/libjava.so
7f3545632000-7f3545641000 r-xp 00000000 08:01 790197                     /usr/lib/jvm/java-8-openjdk-amd64/jre/lib/amd64/libverify.so
7f3545641000-7f3545841000 ---p 0000f000 08:01 790197                     /usr/lib/jvm/java-8-openjdk-amd64/jre/lib/amd64/libverify.so
7f3545841000-7f3545843000 r--p 0000f000 08:01 790197                     /usr/lib/jvm/java-8-openjdk-amd64/jre/lib/amd64/libverify.so
7f3545843000-7f3545844000 rw-p 00011000 08:01 790197                     /usr/lib/jvm/java-8-openjdk-amd64/jre/lib/amd64/libverify.so
7f3545844000-7f354584b000 r-xp 00000000 08:01 922898                     /lib/x86_64-linux-gnu/librt-2.24.so
7f354584b000-7f3545a4a000 ---p 00007000 08:01 922898                     /lib/x86_64-linux-gnu/librt-2.24.so
7f3545a4a000-7f3545a4b000 r--p 00006000 08:01 922898                     /lib/x86_64-linux-gnu/librt-2.24.so
7f3545a4b000-7f3545a4c000 rw-p 00007000 08:01 922898                     /lib/x86_64-linux-gnu/librt-2.24.so
7f3545a4c000-7f3545a62000 r-xp 00000000 08:01 923076                     /lib/x86_64-linux-gnu/libgcc_s.so.1
7f3545a62000-7f3545c61000 ---p 00016000 08:01 923076                     /lib/x86_64-linux-gnu/libgcc_s.so.1
7f3545c61000-7f3545c62000 r--p 00015000 08:01 923076                     /lib/x86_64-linux-gnu/libgcc_s.so.1
7f3545c62000-7f3545c63000 rw-p 00016000 08:01 923076                     /lib/x86_64-linux-gnu/libgcc_s.so.1
7f3545c63000-7f3545d6b000 r-xp 00000000 08:01 917545                     /lib/x86_64-linux-gnu/libm-2.24.so
7f3545d6b000-7f3545f6a000 ---p 00108000 08:01 917545                     /lib/x86_64-linux-gnu/libm-2.24.so
7f3545f6a000-7f3545f6b000 r--p 00107000 08:01 917545                     /lib/x86_64-linux-gnu/libm-2.24.so
7f3545f6b000-7f3545f6c000 rw-p 00108000 08:01 917545                     /lib/x86_64-linux-gnu/libm-2.24.so
7f3545f6c000-7f35460e5000 r-xp 00000000 08:01 1186287                    /usr/lib/x86_64-linux-gnu/libstdc++.so.6.0.22
7f35460e5000-7f35462e4000 ---p 00179000 08:01 1186287                    /usr/lib/x86_64-linux-gnu/libstdc++.so.6.0.22
7f35462e4000-7f35462ee000 r--p 00178000 08:01 1186287                    /usr/lib/x86_64-linux-gnu/libstdc++.so.6.0.22
7f35462ee000-7f35462f0000 rw-p 00182000 08:01 1186287                    /usr/lib/x86_64-linux-gnu/libstdc++.so.6.0.22
7f35462f0000-7f35462f4000 rw-p 00000000 00:00 0 
7f35462f4000-7f3546f4e000 r-xp 00000000 08:01 790201                     /usr/lib/jvm/java-8-openjdk-amd64/jre/lib/amd64/server/libjvm.so
7f3546f4e000-7f354714d000 ---p 00c5a000 08:01 790201                     /usr/lib/jvm/java-8-openjdk-amd64/jre/lib/amd64/server/libjvm.so
7f354714d000-7f35471e0000 r--p 00c59000 08:01 790201                     /usr/lib/jvm/java-8-openjdk-amd64/jre/lib/amd64/server/libjvm.so
7f35471e0000-7f3547209000 rw-p 00cec000 08:01 790201                     /usr/lib/jvm/java-8-openjdk-amd64/jre/lib/amd64/server/libjvm.so
7f3547209000-7f3547239000 rw-p 00000000 00:00 0 
7f3547239000-7f3547251000 r-xp 00000000 08:01 922554                     /lib/x86_64-linux-gnu/libpthread-2.24.so
7f3547251000-7f3547451000 ---p 00018000 08:01 922554                     /lib/x86_64-linux-gnu/libpthread-2.24.so
7f3547451000-7f3547452000 r--p 00018000 08:01 922554                     /lib/x86_64-linux-gnu/libpthread-2.24.so
7f3547452000-7f3547453000 rw-p 00019000 08:01 922554                     /lib/x86_64-linux-gnu/libpthread-2.24.so
7f3547453000-7f3547457000 rw-p 00000000 00:00 0 
7f3547457000-7f354745a000 r-xp 00000000 08:01 917544                     /lib/x86_64-linux-gnu/libdl-2.24.so
7f354745a000-7f3547659000 ---p 00003000 08:01 917544                     /lib/x86_64-linux-gnu/libdl-2.24.so
7f3547659000-7f354765a000 r--p 00002000 08:01 917544                     /lib/x86_64-linux-gnu/libdl-2.24.so
7f354765a000-7f354765b000 rw-p 00003000 08:01 917544                     /lib/x86_64-linux-gnu/libdl-2.24.so
7f354765b000-7f3547676000 r-xp 00000000 08:01 923213                     /lib/x86_64-linux-gnu/libz.so.1.2.11
7f3547676000-7f3547875000 ---p 0001b000 08:01 923213                     /lib/x86_64-linux-gnu/libz.so.1.2.11
7f3547875000-7f3547876000 r--p 0001a000 08:01 923213                     /lib/x86_64-linux-gnu/libz.so.1.2.11
7f3547876000-7f3547877000 rw-p 0001b000 08:01 923213                     /lib/x86_64-linux-gnu/libz.so.1.2.11
7f3547877000-7f3547a35000 r-xp 00000000 08:01 917541                     /lib/x86_64-linux-gnu/libc-2.24.so
7f3547a35000-7f3547c34000 ---p 001be000 08:01 917541                     /lib/x86_64-linux-gnu/libc-2.24.so
7f3547c34000-7f3547c38000 r--p 001bd000 08:01 917541                     /lib/x86_64-linux-gnu/libc-2.24.so
7f3547c38000-7f3547c3a000 rw-p 001c1000 08:01 917541                     /lib/x86_64-linux-gnu/libc-2.24.so
7f3547c3a000-7f3547c3e000 rw-p 00000000 00:00 0 
7f3547c3e000-7f3547c4b000 r-xp 00000000 08:01 790165                     /usr/lib/jvm/java-8-openjdk-amd64/jre/lib/amd64/jli/libjli.so
7f3547c4b000-7f3547e4b000 ---p 0000d000 08:01 790165                     /usr/lib/jvm/java-8-openjdk-amd64/jre/lib/amd64/jli/libjli.so
7f3547e4b000-7f3547e4c000 r--p 0000d000 08:01 790165                     /usr/lib/jvm/java-8-openjdk-amd64/jre/lib/amd64/jli/libjli.so
7f3547e4c000-7f3547e4d000 rw-p 0000e000 08:01 790165                     /usr/lib/jvm/java-8-openjdk-amd64/jre/lib/amd64/jli/libjli.so
7f3547e4d000-7f3547e73000 r-xp 00000000 08:01 917518                     /lib/x86_64-linux-gnu/ld-2.24.so
7f3547e73000-7f3547e7d000 r--s 00116000 08:01 930683                     /usr/lib/jvm/java-8-openjdk-amd64/jre/lib/ext/localedata.jar
7f3547e7d000-7f3547f56000 rw-p 00000000 00:00 0 
7f3547f56000-7f3547f59000 ---p 00000000 00:00 0 
7f3547f59000-7f354805b000 rw-p 00000000 00:00 0 
7f354805b000-7f354805d000 r--s 00001000 08:01 930680                     /usr/lib/jvm/java-8-openjdk-amd64/jre/lib/ext/dnsns.jar
7f354805d000-7f354805e000 r--s 00010000 08:01 930688                     /usr/lib/jvm/java-8-openjdk-amd64/jre/lib/ext/zipfs.jar
7f354805e000-7f3548062000 r--s 00037000 08:01 930687                     /usr/lib/jvm/java-8-openjdk-amd64/jre/lib/ext/sunpkcs11.jar
7f3548062000-7f3548063000 r--s 0000a000 08:01 930682                     /usr/lib/jvm/java-8-openjdk-amd64/jre/lib/ext/jaccess.jar
7f3548063000-7f3548065000 r--s 00008000 08:01 930685                     /usr/lib/jvm/java-8-openjdk-amd64/jre/lib/ext/sunec.jar
7f3548065000-7f354806d000 rw-s 00000000 08:01 802283                     /tmp/hsperfdata_novabase/16562
7f354806d000-7f354806e000 rw-p 00000000 00:00 0 
7f354806e000-7f354806f000 ---p 00000000 00:00 0 
7f354806f000-7f3548072000 rw-p 00000000 00:00 0 
7f3548072000-7f3548073000 r--p 00025000 08:01 917518                     /lib/x86_64-linux-gnu/ld-2.24.so
7f3548073000-7f3548074000 rw-p 00026000 08:01 917518                     /lib/x86_64-linux-gnu/ld-2.24.so
7f3548074000-7f3548075000 rw-p 00000000 00:00 0 
7ffebdc85000-7ffebdca6000 rw-p 00000000 00:00 0                          [stack]
7ffebddc8000-7ffebddca000 r--p 00000000 00:00 0                          [vvar]
7ffebddca000-7ffebddcc000 r-xp 00000000 00:00 0                          [vdso]
ffffffffff600000-ffffffffff601000 r-xp 00000000 00:00 0                  [vsyscall]

VM Arguments:
jvm_args: -Dclassworlds.conf=/usr/share/maven/bin/m2.conf -Dmaven.home=/usr/share/maven -Dmaven.multiModuleProjectDirectory=/home/novabase/nuno/java-bank 
java_command: org.codehaus.plexus.classworlds.launcher.Launcher clean tomcat7:redeploy
java_class_path (initial): /usr/share/maven/boot/plexus-classworlds-2.x.jar
Launcher Type: SUN_STANDARD

Environment Variables:
JAVA_HOME=/usr/lib/jvm/java-8-openjdk-amd64
PATH=/home/novabase/.local/share/umake/bin:/home/novabase/.local/share/umake/bin:/usr/local/sbin:/usr/local/bin:/usr/sbin:/usr/bin:/sbin:/bin:/usr/games:/usr/local/games:/snap/bin:/snap/bin
LD_LIBRARY_PATH=/home/novabase/.local/share/umake/ide/idea-ultimate/bin:
SHELL=/bin/bash
DISPLAY=:0.0

Signal Handlers:
SIGSEGV: [libjvm.so+0xa70490], sa_mask[0]=11111111011111111101111111111110, sa_flags=SA_RESTART|SA_SIGINFO
SIGBUS: [libjvm.so+0xa70490], sa_mask[0]=11111111011111111101111111111110, sa_flags=SA_RESTART|SA_SIGINFO
SIGFPE: [libjvm.so+0x8b9fc0], sa_mask[0]=11111111011111111101111111111110, sa_flags=SA_RESTART|SA_SIGINFO
SIGPIPE: [libjvm.so+0x8b9fc0], sa_mask[0]=11111111011111111101111111111110, sa_flags=SA_RESTART|SA_SIGINFO
SIGXFSZ: [libjvm.so+0x8b9fc0], sa_mask[0]=11111111011111111101111111111110, sa_flags=SA_RESTART|SA_SIGINFO
SIGILL: [libjvm.so+0x8b9fc0], sa_mask[0]=11111111011111111101111111111110, sa_flags=SA_RESTART|SA_SIGINFO
SIGUSR1: SIG_DFL, sa_mask[0]=00000000000000000000000000000000, sa_flags=none
SIGUSR2: [libjvm.so+0x8b9e70], sa_mask[0]=00100000000000000000000000000000, sa_flags=SA_RESTART|SA_SIGINFO
SIGHUP: [libjvm.so+0x8ba320], sa_mask[0]=11111111011111111101111111111110, sa_flags=SA_RESTART|SA_SIGINFO
SIGINT: [libjvm.so+0x8ba320], sa_mask[0]=11111111011111111101111111111110, sa_flags=SA_RESTART|SA_SIGINFO
SIGTERM: [libjvm.so+0x8ba320], sa_mask[0]=11111111011111111101111111111110, sa_flags=SA_RESTART|SA_SIGINFO
SIGQUIT: [libjvm.so+0x8ba320], sa_mask[0]=11111111011111111101111111111110, sa_flags=SA_RESTART|SA_SIGINFO


---------------  S Y S T E M  ---------------

OS:DISTRIB_ID=Ubuntu
DISTRIB_RELEASE=17.04
DISTRIB_CODENAME=zesty
DISTRIB_DESCRIPTION="Ubuntu 17.04"

uname:Linux 4.10.0-37-generic #41-Ubuntu SMP Fri Oct 6 20:20:37 UTC 2017 x86_64
libc:glibc 2.24 NPTL 2.24 
rlimit: STACK 8192k, CORE 0k, NPROC 15618, NOFILE 1048576, AS infinity
load average:0,73 0,42 0,41

/proc/meminfo:
MemTotal:        4044204 kB
MemFree:           90152 kB
MemAvailable:       3644 kB
Buffers:            3416 kB
Cached:            86684 kB
SwapCached:         5308 kB
Active:          3161800 kB
Inactive:         646696 kB
Active(anon):    3142616 kB
Inactive(anon):   624564 kB
Active(file):      19184 kB
Inactive(file):    22132 kB
Unevictable:          32 kB
Mlocked:              32 kB
SwapTotal:       1214880 kB
SwapFree:           1452 kB
Dirty:                 0 kB
Writeback:          4356 kB
AnonPages:       3715884 kB
Mapped:            62248 kB
Shmem:             48428 kB
Slab:              52040 kB
SReclaimable:      22984 kB
SUnreclaim:        29056 kB
KernelStack:        9200 kB
PageTables:        46672 kB
NFS_Unstable:          0 kB
Bounce:                0 kB
WritebackTmp:          0 kB
CommitLimit:     3236980 kB
Committed_AS:    7706672 kB
VmallocTotal:   34359738367 kB
VmallocUsed:           0 kB
VmallocChunk:          0 kB
HardwareCorrupted:     0 kB
AnonHugePages:   2410496 kB
ShmemHugePages:        0 kB
ShmemPmdMapped:        0 kB
CmaTotal:              0 kB
CmaFree:               0 kB
HugePages_Total:       0
HugePages_Free:        0
HugePages_Rsvd:        0
HugePages_Surp:        0
Hugepagesize:       2048 kB
DirectMap4k:      161728 kB
DirectMap2M:     4032512 kB


CPU:total 2 (initial active 2) (2 cores per cpu, 1 threads per core) family 6 model 61 stepping 4, cmov, cx8, fxsr, mmx, sse, sse2, sse3, ssse3, sse4.1, sse4.2, popcnt, avx, aes, clmul, 3dnowpref, lzcnt, tsc, tscinvbit

/proc/cpuinfo:
processor	: 0
vendor_id	: GenuineIntel
cpu family	: 6
model		: 61
model name	: Intel(R) Core(TM) i5-5200U CPU @ 2.20GHz
stepping	: 4
cpu MHz		: 2194.920
cache size	: 3072 KB
physical id	: 0
siblings	: 2
core id		: 0
cpu cores	: 2
apicid		: 0
initial apicid	: 0
fpu		: yes
fpu_exception	: yes
cpuid level	: 20
wp		: yes
flags		: fpu vme de pse tsc msr pae mce cx8 apic sep mtrr pge mca cmov pat pse36 clflush mmx fxsr sse sse2 ht syscall nx rdtscp lm constant_tsc rep_good nopl xtopology nonstop_tsc pni pclmulqdq ssse3 cx16 sse4_1 sse4_2 x2apic movbe popcnt aes xsave avx rdrand hypervisor lahf_lm abm 3dnowprefetch rdseed
bugs		:
bogomips	: 4389.84
clflush size	: 64
cache_alignment	: 64
address sizes	: 39 bits physical, 48 bits virtual
power management:

processor	: 1
vendor_id	: GenuineIntel
cpu family	: 6
model		: 61
model name	: Intel(R) Core(TM) i5-5200U CPU @ 2.20GHz
stepping	: 4
cpu MHz		: 2194.920
cache size	: 3072 KB
physical id	: 0
siblings	: 2
core id		: 1
cpu cores	: 2
apicid		: 1
initial apicid	: 1
fpu		: yes
fpu_exception	: yes
cpuid level	: 20
wp		: yes
flags		: fpu vme de pse tsc msr pae mce cx8 apic sep mtrr pge mca cmov pat pse36 clflush mmx fxsr sse sse2 ht syscall nx rdtscp lm constant_tsc rep_good nopl xtopology nonstop_tsc pni pclmulqdq ssse3 cx16 sse4_1 sse4_2 x2apic movbe popcnt aes xsave avx rdrand hypervisor lahf_lm abm 3dnowprefetch rdseed
bugs		:
bogomips	: 4389.84
clflush size	: 64
cache_alignment	: 64
address sizes	: 39 bits physical, 48 bits virtual
power management:



Memory: 4k page, physical 4044204k(90152k free), swap 1214880k(1452k free)

vm_info: OpenJDK 64-Bit Server VM (25.131-b11) for linux-amd64 JRE (1.8.0_131-8u131-b11-2ubuntu1.17.04.3-b11), built on Jul 27 2017 21:26:44 by "buildd" with gcc 6.3.0 20170406

time: Mon Oct 23 18:30:29 2017
elapsed time: 9 seconds (0d 0h 0m 9s)

